<?xml version="1.0" encoding="UTF-8"?>
<!-- Generated by org.testng.reporters.JUnitXMLReporter -->
<testsuite ignored="2" hostname="eto001" failures="0" tests="166" name="Surefire test" time="1.415" errors="0" timestamp="2023-08-18T13:50:06 BRT">
  <testcase classname="objectos.asciidoc.DocumentTest" name="testCase01" time="0.014"/>
  <testcase classname="objectos.asciidoc.DocumentTest" name="testCase01" time="0.1"/>
  <testcase classname="objectos.asciidoc.DocumentTest" name="testCase02" time="0.001"/>
  <testcase classname="objectos.asciidoc.DocumentTest" name="testCase02" time="0.006"/>
  <testcase classname="objectos.asciidoc.DocumentTest" name="testCase03" time="0.001"/>
  <testcase classname="objectos.asciidoc.DocumentTest" name="testCase03" time="0.018"/>
  <testcase classname="objectos.asciidoc.DocumentTest" name="testCase04" time="0.001"/>
  <testcase classname="objectos.asciidoc.DocumentTest" name="testCase04" time="0.036"/>
  <testcase classname="objectos.asciidoc.DocumentTest" name="testCase05" time="0.001"/>
  <testcase classname="objectos.asciidoc.DocumentTest" name="testCase05" time="0.019"/>
  <testcase classname="objectos.asciidoc.DocumentTest" name="testCase06" time="0.001"/>
  <testcase classname="objectos.asciidoc.DocumentTest" name="testCase06" time="0.013"/>
  <testcase classname="objectos.asciidoc.SourceCodeBlockTest" name="testCase01" time="0.002"/>
  <testcase classname="objectos.asciidoc.SourceCodeBlockTest" name="testCase01" time="0.026"/>
  <testcase classname="objectos.asciidoc.SourceCodeBlockTest" name="testCase02" time="0.001"/>
  <testcase classname="objectos.asciidoc.SourceCodeBlockTest" name="testCase02" time="0.01"/>
  <testcase classname="objectos.asciidoc.SourceCodeBlockTest" name="testCase03" time="0.0"/>
  <testcase classname="objectos.asciidoc.SourceCodeBlockTest" name="testCase03" time="0.01"/>
  <testcase classname="objectos.asciidoc.SourceCodeBlockTest" name="testCase04" time="0.0"/>
  <testcase classname="objectos.asciidoc.SourceCodeBlockTest" name="testCase04" time="0.007"/>
  <testcase classname="objectos.asciidoc.SourceCodeBlockTest" name="testCase05" time="0.0"/>
  <testcase classname="objectos.asciidoc.SourceCodeBlockTest" name="testCase05" time="0.016"/>
  <testcase classname="objectos.asciidoc.SourceCodeBlockTest" name="testCase06" time="0.001"/>
  <testcase classname="objectos.asciidoc.SourceCodeBlockTest" name="testCase06" time="0.01"/>
  <testcase classname="objectos.asciidoc.SourceCodeBlockTest" name="testCase07" time="0.001"/>
  <testcase classname="objectos.asciidoc.SourceCodeBlockTest" name="testCase07" time="0.012"/>
  <testcase classname="objectos.asciidoc.ConstrainedMonospaceTest" name="testCase01" time="0.014"/>
  <testcase classname="objectos.asciidoc.ConstrainedMonospaceTest" name="testCase01" time="0.002"/>
  <testcase classname="objectos.asciidoc.ConstrainedMonospaceTest" name="testCase02" time="0.007"/>
  <testcase classname="objectos.asciidoc.ConstrainedMonospaceTest" name="testCase02" time="0.001"/>
  <testcase classname="objectos.asciidoc.ConstrainedMonospaceTest" name="testCase03" time="0.008"/>
  <testcase classname="objectos.asciidoc.ConstrainedMonospaceTest" name="testCase03" time="0.001"/>
  <testcase classname="objectos.asciidoc.ConstrainedMonospaceTest" name="testCase04" time="0.009"/>
  <testcase classname="objectos.asciidoc.ConstrainedMonospaceTest" name="testCase04" time="0.0"/>
  <testcase classname="objectos.asciidoc.ConstrainedMonospaceTest" name="testCase05" time="0.011"/>
  <testcase classname="objectos.asciidoc.ConstrainedMonospaceTest" name="testCase05" time="0.001"/>
  <testcase classname="objectos.asciidoc.ConstrainedMonospaceTest" name="testCase06" time="0.009"/>
  <testcase classname="objectos.asciidoc.ConstrainedMonospaceTest" name="testCase06" time="0.001"/>
  <testcase classname="objectos.asciidoc.ConstrainedMonospaceTest" name="testCase07" time="0.016"/>
  <testcase classname="objectos.asciidoc.ConstrainedMonospaceTest" name="testCase07" time="0.0"/>
  <testcase classname="objectos.asciidoc.ConstrainedMonospaceTest" name="testCase08" time="0.025"/>
  <testcase classname="objectos.asciidoc.ConstrainedMonospaceTest" name="testCase08" time="0.0"/>
  <testcase classname="objectos.asciidoc.LexerTest" name="testCase01" time="0.002"/>
  <testcase classname="objectos.asciidoc.LexerTest" name="testCase01" time="0.009"/>
  <testcase classname="objectos.asciidoc.ParagraphTest" name="testCase01" time="0.0"/>
  <testcase classname="objectos.asciidoc.ParagraphTest" name="testCase01" time="0.006"/>
  <testcase classname="objectos.asciidoc.ParagraphTest" name="testCase02" time="0.001"/>
  <testcase classname="objectos.asciidoc.ParagraphTest" name="testCase02" time="0.008"/>
  <testcase classname="objectos.asciidoc.ParagraphTest" name="testCase03" time="0.0"/>
  <testcase classname="objectos.asciidoc.ParagraphTest" name="testCase03" time="0.008"/>
  <testcase classname="objectos.asciidoc.ParagraphTest" name="testCase04" time="0.0"/>
  <testcase classname="objectos.asciidoc.ParagraphTest" name="testCase04" time="0.016"/>
  <testcase classname="objectos.asciidoc.ParagraphTest" name="testCase05" time="0.001"/>
  <testcase classname="objectos.asciidoc.ParagraphTest" name="testCase05" time="0.009"/>
  <testcase classname="objectos.asciidoc.ParagraphTest" name="testCase06" time="0.0"/>
  <testcase classname="objectos.asciidoc.ParagraphTest" name="testCase06" time="0.007"/>
  <testcase classname="objectos.asciidoc.ParagraphTest" name="testCase07" time="0.001"/>
  <testcase classname="objectos.asciidoc.ParagraphTest" name="testCase07" time="0.01"/>
  <testcase classname="objectos.asciidoc.ParagraphTest" name="testCase08" time="0.001"/>
  <testcase classname="objectos.asciidoc.ParagraphTest" name="testCase08" time="0.007"/>
  <testcase classname="objectos.asciidoc.ParagraphTest" name="testCase09" time="0.002"/>
  <testcase classname="objectos.asciidoc.ParagraphTest" name="testCase09" time="0.009"/>
  <testcase classname="objectos.asciidoc.ConstrainedItalicTest" name="testCase01" time="0.0"/>
  <testcase classname="objectos.asciidoc.ConstrainedItalicTest" name="testCase01" time="0.008"/>
  <testcase classname="objectos.asciidoc.ConstrainedItalicTest" name="testCase02" time="0.001"/>
  <testcase classname="objectos.asciidoc.ConstrainedItalicTest" name="testCase02" time="0.012"/>
  <testcase classname="objectos.asciidoc.ConstrainedItalicTest" name="testCase03" time="0.0"/>
  <testcase classname="objectos.asciidoc.ConstrainedItalicTest" name="testCase03" time="0.007"/>
  <testcase classname="objectos.asciidoc.ConstrainedItalicTest" name="testCase04" time="0.0"/>
  <testcase classname="objectos.asciidoc.ConstrainedItalicTest" name="testCase04" time="0.007"/>
  <testcase classname="objectos.asciidoc.AttributeListTest" name="testCase01" time="0.001"/>
  <testcase classname="objectos.asciidoc.AttributeListTest" name="testCase01" time="0.007"/>
  <testcase classname="objectos.asciidoc.ListingBlockTest" name="testCase01" time="0.011"/>
  <testcase classname="objectos.asciidoc.ListingBlockTest" name="testCase01" time="0.001"/>
  <testcase classname="objectos.asciidoc.ListingBlockTest" name="testCase02" time="0.006"/>
  <testcase classname="objectos.asciidoc.ListingBlockTest" name="testCase02" time="0.001"/>
  <testcase classname="objectos.asciidoc.ListingBlockTest" name="testCase03" time="0.006"/>
  <testcase classname="objectos.asciidoc.ListingBlockTest" name="testCase03" time="0.0"/>
  <testcase classname="objectos.asciidoc.ListingBlockTest" name="testCase04" time="0.005"/>
  <testcase classname="objectos.asciidoc.ListingBlockTest" name="testCase04" time="0.0"/>
  <testcase classname="objectos.asciidoc.ListingBlockTest" name="testCase05" time="0.007"/>
  <testcase classname="objectos.asciidoc.ListingBlockTest" name="testCase05" time="0.001"/>
  <testcase classname="objectos.asciidoc.PreambleTest" name="testCase01" time="0.002"/>
  <testcase classname="objectos.asciidoc.PreambleTest" name="testCase01" time="0.032"/>
  <testcase classname="objectos.asciidoc.UrlMacroTest" name="testCase01" time="0.009"/>
  <testcase classname="objectos.asciidoc.UrlMacroTest" name="testCase01" time="0.001"/>
  <testcase classname="objectos.asciidoc.UrlMacroTest" name="testCase02" time="0.007"/>
  <testcase classname="objectos.asciidoc.UrlMacroTest" name="testCase02" time="0.0"/>
  <testcase classname="objectos.asciidoc.UrlMacroTest" name="testCase03" time="0.006"/>
  <testcase classname="objectos.asciidoc.UrlMacroTest" name="testCase03" time="0.0"/>
  <testcase classname="objectos.asciidoc.SectionTest" name="testCase01" time="0.001"/>
  <testcase classname="objectos.asciidoc.SectionTest" name="testCase01" time="0.091"/>
  <testcase classname="objectos.asciidoc.SectionTest" name="testCase02" time="0.001"/>
  <testcase classname="objectos.asciidoc.SectionTest" name="testCase02" time="0.031"/>
  <testcase classname="objectos.asciidoc.SectionTest" name="testCase03" time="0.001"/>
  <testcase classname="objectos.asciidoc.SectionTest" name="testCase03" time="0.01"/>
  <testcase classname="objectos.asciidoc.SectionTest" name="testCase04" time="0.001"/>
  <testcase classname="objectos.asciidoc.SectionTest" name="testCase04" time="0.016"/>
  <testcase classname="objectos.asciidoc.SectionTest" name="testCase05" time="0.001"/>
  <testcase classname="objectos.asciidoc.SectionTest" name="testCase05" time="0.011"/>
  <testcase classname="objectos.asciidoc.SectionTest" name="testCase06" time="0.001"/>
  <testcase classname="objectos.asciidoc.SectionTest" name="testCase06" time="0.036"/>
  <testcase classname="objectos.asciidoc.SectionTest" name="testCase07" time="0.001"/>
  <testcase classname="objectos.asciidoc.SectionTest" name="testCase07" time="0.021"/>
  <testcase classname="objectos.asciidoc.SectionTest" name="testCase08" time="0.001"/>
  <testcase classname="objectos.asciidoc.SectionTest" name="testCase08" time="0.014"/>
  <testcase classname="objectos.asciidoc.SectionTest" name="testCase09" time="0.001"/>
  <testcase classname="objectos.asciidoc.SectionTest" name="testCase09" time="0.012"/>
  <testcase classname="objectos.asciidoc.SectionTest" name="testCase10" time="0.0"/>
  <testcase classname="objectos.asciidoc.SectionTest" name="testCase10" time="0.01"/>
  <testcase classname="objectos.asciidoc.SectionTest" name="testCase11" time="0.002"/>
  <testcase classname="objectos.asciidoc.SectionTest" name="testCase11" time="0.018"/>
  <testcase classname="objectos.asciidoc.UnorderedListTest" name="testCase01" time="0.008"/>
  <testcase classname="objectos.asciidoc.UnorderedListTest" name="testCase01" time="0.0"/>
  <testcase classname="objectos.asciidoc.UnorderedListTest" name="testCase02" time="0.014"/>
  <testcase classname="objectos.asciidoc.UnorderedListTest" name="testCase02" time="0.0"/>
  <testcase classname="objectos.asciidoc.UnorderedListTest" name="testCase03" time="0.006"/>
  <testcase classname="objectos.asciidoc.UnorderedListTest" name="testCase03" time="0.0"/>
  <testcase classname="objectos.asciidoc.UnorderedListTest" name="testCase04" time="0.007"/>
  <testcase classname="objectos.asciidoc.UnorderedListTest" name="testCase04" time="0.0"/>
  <testcase classname="objectos.asciidoc.UnorderedListTest" name="testCase05" time="0.007"/>
  <testcase classname="objectos.asciidoc.UnorderedListTest" name="testCase05" time="0.0"/>
  <testcase classname="objectos.asciidoc.UnorderedListTest" name="testCase06" time="0.008"/>
  <testcase classname="objectos.asciidoc.UnorderedListTest" name="testCase06" time="0.0"/>
  <testcase classname="objectos.asciidoc.UnorderedListTest" name="testCase07" time="0.006"/>
  <testcase classname="objectos.asciidoc.UnorderedListTest" name="testCase07" time="0.001"/>
  <testcase classname="objectos.asciidoc.UnorderedListTest" name="testCase08" time="0.039"/>
  <testcase classname="objectos.asciidoc.UnorderedListTest" name="testCase08" time="0.001"/>
  <testcase classname="objectos.asciidoc.UnorderedListTest" name="testCase09" time="0.012"/>
  <testcase classname="objectos.asciidoc.UnorderedListTest" name="testCase09" time="0.005"/>
  <testcase classname="objectos.asciidoc.UnorderedListTest" name="testCase10" time="0.027"/>
  <testcase classname="objectos.asciidoc.UnorderedListTest" name="testCase10" time="0.001"/>
  <testcase classname="objectos.asciidoc.UnorderedListTest" name="testCase11" time="0.011"/>
  <testcase classname="objectos.asciidoc.UnorderedListTest" name="testCase11" time="0.001"/>
  <testcase classname="objectos.asciidoc.UnorderedListTest" name="testCase12" time="0.012"/>
  <testcase classname="objectos.asciidoc.UnorderedListTest" name="testCase12" time="0.0"/>
  <testcase classname="objectos.asciidoc.UnorderedListTest" name="testCase13" time="0.01"/>
  <testcase classname="objectos.asciidoc.UnorderedListTest" name="testCase13" time="0.0"/>
  <testcase classname="objectos.asciidoc.UnorderedListTest" name="testCase14" time="0.011"/>
  <testcase classname="objectos.asciidoc.UnorderedListTest" name="testCase14" time="0.0"/>
  <testcase classname="objectos.asciidoc.UnorderedListTest" name="testCase15" time="0.015"/>
  <testcase classname="objectos.asciidoc.UnorderedListTest" name="testCase15" time="0.001"/>
  <testcase classname="objectos.asciidoc.InlineMacroTest" name="testCase01" time="0.012"/>
  <testcase classname="objectos.asciidoc.InlineMacroTest" name="testCase01" time="0.0"/>
  <testcase classname="objectos.asciidoc.InlineMacroTest" name="testCase02" time="0.011"/>
  <testcase classname="objectos.asciidoc.InlineMacroTest" name="testCase02" time="0.001"/>
  <testcase classname="objectos.asciidoc.InlineMacroTest" name="testCase03" time="0.011"/>
  <testcase classname="objectos.asciidoc.InlineMacroTest" name="testCase03" time="0.0"/>
  <testcase classname="objectos.asciidoc.InlineMacroTest" name="testCase04" time="0.006"/>
  <testcase classname="objectos.asciidoc.InlineMacroTest" name="testCase04" time="0.0"/>
  <testcase classname="objectos.asciidoc.InlineMacroTest" name="testCase05" time="0.006"/>
  <testcase classname="objectos.asciidoc.InlineMacroTest" name="testCase05" time="0.0"/>
  <testcase classname="objectos.asciidoc.InlineMacroTest" name="testCase06" time="0.007"/>
  <testcase classname="objectos.asciidoc.InlineMacroTest" name="testCase06" time="0.0"/>
  <testcase classname="objectos.asciidoc.InlineMacroTest" name="testCase07" time="0.006"/>
  <testcase classname="objectos.asciidoc.InlineMacroTest" name="testCase07" time="0.0"/>
  <testcase classname="objectos.asciidoc.InlineMacroTest" name="testCase08" time="0.029"/>
  <testcase classname="objectos.asciidoc.InlineMacroTest" name="testCase08" time="0.001"/>
  <testcase classname="objectos.asciidoc.InlineMacroTest" name="testCase09" time="0.006"/>
  <testcase classname="objectos.asciidoc.InlineMacroTest" name="testCase09" time="0.0"/>
  <testcase classname="objectos.asciidoc.ConstrainedBoldTest" name="testCase01" time="0.007"/>
  <testcase classname="objectos.asciidoc.ConstrainedBoldTest" name="testCase01" time="0.0"/>
  <testcase classname="objectos.asciidoc.ConstrainedBoldTest" name="testCase02" time="0.004"/>
  <testcase classname="objectos.asciidoc.ConstrainedBoldTest" name="testCase02" time="0.0"/>
  <testcase classname="objectos.asciidoc.ConstrainedBoldTest" name="testCase03" time="0.006"/>
  <testcase classname="objectos.asciidoc.ConstrainedBoldTest" name="testCase03" time="0.0"/>
  <testcase classname="objectos.asciidoc.AsciiDocTest" name="_enableCodeMinings" time="0.0">
    <ignored/>
  </testcase> <!-- _enableCodeMinings -->
  <testcase classname="objectos.asciidoc.AsciidoctorTest" name="_enableCodeMinings" time="0.0">
    <ignored/>
  </testcase> <!-- _enableCodeMinings -->
</testsuite> <!-- Surefire test -->
