<?xml version="1.0" encoding="UTF-8"?>
<!-- Generated by org.testng.reporters.JUnitXMLReporter -->
<testsuite ignored="1" hostname="eto001" failures="0" tests="76" name="Surefire test" time="0.32" errors="0" timestamp="2023-08-18T13:51:04 BRT">
  <testcase classname="objectos.http.internal.HeaderValueTest" name="unsignedLongValue" time="0.009"/>
  <testcase classname="objectos.http.internal.HttpExchangeResultTest" name="http001" time="0.028"/>
  <testcase classname="objectos.http.internal.HttpExchangeResultTest" name="result" time="0.001"/>
  <testcase classname="objectos.http.internal.HttpExchangeResultTest" name="resultToSetup" time="0.0"/>
  <testcase classname="objectos.http.internal.HttpExchangeOutputTest" name="http001" time="0.0"/>
  <testcase classname="objectos.http.internal.HttpExchangeOutputTest" name="http002" time="0.002"/>
  <testcase classname="objectos.http.internal.HttpExchangeOutputTest" name="output" time="0.0"/>
  <testcase classname="objectos.http.internal.HttpExchangeOutputTest" name="outputBody" time="0.001"/>
  <testcase classname="objectos.http.internal.HttpExchangeOutputTest" name="outputBodyToErrorWrite" time="0.0"/>
  <testcase classname="objectos.http.internal.HttpExchangeOutputTest" name="outputBuffer" time="0.0"/>
  <testcase classname="objectos.http.internal.HttpExchangeOutputTest" name="outputBufferToClose" time="0.001"/>
  <testcase classname="objectos.http.internal.HttpExchangeOutputTest" name="outputBufferToCloseOnWrite" time="0.001"/>
  <testcase classname="objectos.http.internal.HttpExchangeOutputTest" name="outputHeader" time="0.001"/>
  <testcase classname="objectos.http.internal.HttpExchangeOutputTest" name="outputHeaderToOutputBufferBufferFull" time="0.0"/>
  <testcase classname="objectos.http.internal.HttpExchangeOutputTest" name="outputHeaderToOutputTerminator" time="0.0"/>
  <testcase classname="objectos.http.internal.HttpExchangeOutputTest" name="outputStatus" time="0.0"/>
  <testcase classname="objectos.http.internal.HttpExchangeOutputTest" name="outputTerminator" time="0.001"/>
  <testcase classname="objectos.http.internal.HttpExchangeOutputTest" name="outputTerminatorToOutputBuffer" time="0.001"/>
  <testcase classname="objectos.http.internal.HttpExchangeSetupTest" name="http001" time="0.0"/>
  <testcase classname="objectos.http.internal.HttpExchangeSetupTest" name="setup01" time="0.001"/>
  <testcase classname="objectos.http.internal.HttpExchangeParseHeaderTest" name="http001" time="0.001"/>
  <testcase classname="objectos.http.internal.HttpExchangeParseHeaderTest" name="http006" time="0.001"/>
  <testcase classname="objectos.http.internal.HttpExchangeParseHeaderTest" name="parseHeader" time="0.0"/>
  <testcase classname="objectos.http.internal.HttpExchangeParseHeaderTest" name="parseHeaderName" time="0.001"/>
  <testcase classname="objectos.http.internal.HttpExchangeParseHeaderTest" name="parseHeaderNameToClientErrorBadRequest" time="0.001"/>
  <testcase classname="objectos.http.internal.HttpExchangeParseHeaderTest" name="parseHeaderNameToInputRead" time="0.0"/>
  <testcase classname="objectos.http.internal.HttpExchangeParseHeaderTest" name="parseHeaderNameToParseHeaderValue" time="0.0"/>
  <testcase classname="objectos.http.internal.HttpExchangeParseHeaderTest" name="parseHeaderToClientErrorBadRequest" time="0.0"/>
  <testcase classname="objectos.http.internal.HttpExchangeParseHeaderTest" name="parseHeaderToHandle" time="0.001"/>
  <testcase classname="objectos.http.internal.HttpExchangeParseHeaderTest" name="parseHeaderToInputRead" time="0.001"/>
  <testcase classname="objectos.http.internal.HttpExchangeParseHeaderTest" name="parseHeaderValue" time="0.001"/>
  <testcase classname="objectos.http.internal.HttpExchangeParseHeaderTest" name="parseHeaderValueEmptyValue" time="0.0"/>
  <testcase classname="objectos.http.internal.HttpExchangeParseHeaderTest" name="parseHeaderValueHeaderNameIsUnknown" time="0.0"/>
  <testcase classname="objectos.http.internal.HttpExchangeParseHeaderTest" name="parseHeaderValueToClientErrorBadRequest" time="0.0"/>
  <testcase classname="objectos.http.internal.HttpExchangeParseHeaderTest" name="parseHeaderValueToInputRead" time="0.0"/>
  <testcase classname="objectos.http.internal.HttpExchangeRequestLineTest" name="http001" time="0.001"/>
  <testcase classname="objectos.http.internal.HttpExchangeRequestLineTest" name="http006" time="0.001"/>
  <testcase classname="objectos.http.internal.HttpExchangeRequestLineTest" name="requestLine" time="0.001"/>
  <testcase classname="objectos.http.internal.HttpExchangeRequestLineTest" name="requestLineMethod" time="0.001"/>
  <testcase classname="objectos.http.internal.HttpExchangeRequestLineTest" name="requestLineMethodP" time="0.001"/>
  <testcase classname="objectos.http.internal.HttpExchangeRequestLineTest" name="requestLineMethodPToInputRead" time="0.0"/>
  <testcase classname="objectos.http.internal.HttpExchangeRequestLineTest" name="requestLineMethodToClientErrorBadRequest" time="0.001"/>
  <testcase classname="objectos.http.internal.HttpExchangeRequestLineTest" name="requestLineMethodToInputRead" time="0.001"/>
  <testcase classname="objectos.http.internal.HttpExchangeRequestLineTest" name="requestLineTarget" time="0.001"/>
  <testcase classname="objectos.http.internal.HttpExchangeRequestLineTest" name="requestLineTargetToClientErrorUriTooLong" time="0.001"/>
  <testcase classname="objectos.http.internal.HttpExchangeRequestLineTest" name="requestLineTargetToInputRead" time="0.001"/>
  <testcase classname="objectos.http.internal.HttpExchangeRequestLineTest" name="requestLineToClientErrorBadRequest" time="0.001"/>
  <testcase classname="objectos.http.internal.HttpExchangeRequestLineTest" name="requestLineToRequestLineMethodP" time="0.001"/>
  <testcase classname="objectos.http.internal.HttpExchangeRequestLineTest" name="requestLineVersion01" time="0.001"/>
  <testcase classname="objectos.http.internal.HttpExchangeRequestLineTest" name="requestLineVersion02LF" time="0.001"/>
  <testcase classname="objectos.http.internal.HttpExchangeRequestLineTest" name="requestLineVersionToClientErrorBadRequest" time="0.001"/>
  <testcase classname="objectos.http.internal.HttpExchangeRequestLineTest" name="requestLineVersionToClientErrorUriTooLong" time="0.001"/>
  <testcase classname="objectos.http.internal.HttpExchangeRequestLineTest" name="requestLineVersionToInputRead" time="0.001"/>
  <testcase classname="objectos.http.internal.BytesTest" name="toLowerCase" time="0.0"/>
  <testcase classname="objectos.http.internal.HttpChunkedCharsTest" name="http002" time="0.001"/>
  <testcase classname="objectos.http.internal.HttpExchangeTest" name="http003" time="0.001"/>
  <testcase classname="objectos.http.internal.HttpExchangeTest" name="http004" time="0.001"/>
  <testcase classname="objectos.http.internal.ServerSocketThreadTest" name="testCase01" time="0.027"/>
  <testcase classname="objectos.http.internal.HttpExchangeRequestBodyTest" name="http006" time="0.001"/>
  <testcase classname="objectos.http.internal.HttpExchangeHandleTest" name="handle" time="0.001"/>
  <testcase classname="objectos.http.internal.HttpExchangeHandleTest" name="handleInvoke" time="0.002"/>
  <testcase classname="objectos.http.internal.HttpExchangeHandleTest" name="http001" time="0.021"/>
  <testcase classname="objectos.http.internal.HttpExchangeHandleTest" name="http004" time="0.001"/>
  <testcase classname="objectos.http.internal.HttpExchangeInputTest" name="http001" time="0.001"/>
  <testcase classname="objectos.http.internal.HttpExchangeInputTest" name="input" time="0.001"/>
  <testcase classname="objectos.http.internal.HttpExchangeInputTest" name="inputRead01" time="0.001"/>
  <testcase classname="objectos.http.internal.HttpExchangeInputTest" name="inputRead02" time="0.001"/>
  <testcase classname="objectos.http.internal.HttpExchangeInputTest" name="inputRead03" time="0.001"/>
  <testcase classname="objectos.http.util.UrlEncodedFormTest" name="testCase01" time="0.007"/>
  <testcase classname="objectos.http.util.UrlEncodedFormTest" name="testCase02" time="0.0"/>
  <testcase classname="objectos.http.HttpTest" name="http001" time="0.014"/>
  <testcase classname="objectos.http.HttpTest" name="http002" time="0.001"/>
  <testcase classname="objectos.http.HttpTest" name="http003" time="0.001"/>
  <testcase classname="objectos.http.HttpTest" name="http004" time="0.014"/>
  <testcase classname="objectos.http.HttpTest" name="http005" time="0.045"/>
  <testcase classname="objectos.http.HttpTest" name="http006" time="0.002"/>
  <testcase classname="objectos.http.internal.NginxTest" name="getOk" time="0.0">
    <ignored/>
  </testcase> <!-- getOk -->
</testsuite> <!-- Surefire test -->
