<?xml version="1.0" encoding="UTF-8"?>
<testsuite xmlns:xsi="http://www.w3.org/2001/XMLSchema-instance" xsi:noNamespaceSchemaLocation="https://maven.apache.org/surefire/maven-surefire-plugin/xsd/surefire-test-report-3.0.xsd" version="3.0" name="TestSuite" time="6.765" tests="166" errors="0" skipped="0" failures="0">
  <properties>
[...]
</properties>
  <testcase name="testCase01" classname="objectos.asciidoc.DocumentTest" time="0.013"/>
  <testcase name="testCase01" classname="objectos.asciidoc.DocumentTest" time="0.1"/>
  <testcase name="testCase02" classname="objectos.asciidoc.DocumentTest" time="0.0"/>
  <testcase name="testCase02" classname="objectos.asciidoc.DocumentTest" time="0.007"/>
  <testcase name="testCase03" classname="objectos.asciidoc.DocumentTest" time="0.002"/>
  <testcase name="testCase03" classname="objectos.asciidoc.DocumentTest" time="0.019"/>
  <testcase name="testCase04" classname="objectos.asciidoc.DocumentTest" time="0.001"/>
  <testcase name="testCase04" classname="objectos.asciidoc.DocumentTest" time="0.036"/>
  <testcase name="testCase05" classname="objectos.asciidoc.DocumentTest" time="0.001"/>
  <testcase name="testCase05" classname="objectos.asciidoc.DocumentTest" time="0.018"/>
  <testcase name="testCase06" classname="objectos.asciidoc.DocumentTest" time="0.0"/>
  <testcase name="testCase06" classname="objectos.asciidoc.DocumentTest" time="0.013"/>
  <testcase name="testCase01" classname="objectos.asciidoc.SourceCodeBlockTest" time="0.002"/>
  <testcase name="testCase01" classname="objectos.asciidoc.SourceCodeBlockTest" time="0.026"/>
  <testcase name="testCase02" classname="objectos.asciidoc.SourceCodeBlockTest" time="0.0"/>
  <testcase name="testCase02" classname="objectos.asciidoc.SourceCodeBlockTest" time="0.011"/>
  <testcase name="testCase03" classname="objectos.asciidoc.SourceCodeBlockTest" time="0.001"/>
  <testcase name="testCase03" classname="objectos.asciidoc.SourceCodeBlockTest" time="0.01"/>
  <testcase name="testCase04" classname="objectos.asciidoc.SourceCodeBlockTest" time="0.0"/>
  <testcase name="testCase04" classname="objectos.asciidoc.SourceCodeBlockTest" time="0.007"/>
  <testcase name="testCase05" classname="objectos.asciidoc.SourceCodeBlockTest" time="0.001"/>
  <testcase name="testCase05" classname="objectos.asciidoc.SourceCodeBlockTest" time="0.016"/>
  <testcase name="testCase06" classname="objectos.asciidoc.SourceCodeBlockTest" time="0.0"/>
  <testcase name="testCase06" classname="objectos.asciidoc.SourceCodeBlockTest" time="0.011"/>
  <testcase name="testCase07" classname="objectos.asciidoc.SourceCodeBlockTest" time="0.001"/>
  <testcase name="testCase07" classname="objectos.asciidoc.SourceCodeBlockTest" time="0.013"/>
  <testcase name="testCase01" classname="objectos.asciidoc.ConstrainedMonospaceTest" time="0.013"/>
  <testcase name="testCase01" classname="objectos.asciidoc.ConstrainedMonospaceTest" time="0.001"/>
  <testcase name="testCase02" classname="objectos.asciidoc.ConstrainedMonospaceTest" time="0.006"/>
  <testcase name="testCase02" classname="objectos.asciidoc.ConstrainedMonospaceTest" time="0.0"/>
  <testcase name="testCase03" classname="objectos.asciidoc.ConstrainedMonospaceTest" time="0.008"/>
  <testcase name="testCase03" classname="objectos.asciidoc.ConstrainedMonospaceTest" time="0.001"/>
  <testcase name="testCase04" classname="objectos.asciidoc.ConstrainedMonospaceTest" time="0.009"/>
  <testcase name="testCase04" classname="objectos.asciidoc.ConstrainedMonospaceTest" time="0.001"/>
  <testcase name="testCase05" classname="objectos.asciidoc.ConstrainedMonospaceTest" time="0.011"/>
  <testcase name="testCase05" classname="objectos.asciidoc.ConstrainedMonospaceTest" time="0.001"/>
  <testcase name="testCase06" classname="objectos.asciidoc.ConstrainedMonospaceTest" time="0.01"/>
  <testcase name="testCase06" classname="objectos.asciidoc.ConstrainedMonospaceTest" time="0.001"/>
  <testcase name="testCase07" classname="objectos.asciidoc.ConstrainedMonospaceTest" time="0.016"/>
  <testcase name="testCase07" classname="objectos.asciidoc.ConstrainedMonospaceTest" time="0.001"/>
  <testcase name="testCase08" classname="objectos.asciidoc.ConstrainedMonospaceTest" time="0.025"/>
  <testcase name="testCase08" classname="objectos.asciidoc.ConstrainedMonospaceTest" time="0.0"/>
  <testcase name="testCase01" classname="objectos.asciidoc.LexerTest" time="0.001"/>
  <testcase name="testCase01" classname="objectos.asciidoc.LexerTest" time="0.009"/>
  <testcase name="testCase01" classname="objectos.asciidoc.ParagraphTest" time="0.0"/>
  <testcase name="testCase01" classname="objectos.asciidoc.ParagraphTest" time="0.007"/>
  <testcase name="testCase02" classname="objectos.asciidoc.ParagraphTest" time="0.0"/>
  <testcase name="testCase02" classname="objectos.asciidoc.ParagraphTest" time="0.008"/>
  <testcase name="testCase03" classname="objectos.asciidoc.ParagraphTest" time="0.001"/>
  <testcase name="testCase03" classname="objectos.asciidoc.ParagraphTest" time="0.007"/>
  <testcase name="testCase04" classname="objectos.asciidoc.ParagraphTest" time="0.001"/>
  <testcase name="testCase04" classname="objectos.asciidoc.ParagraphTest" time="0.017"/>
  <testcase name="testCase05" classname="objectos.asciidoc.ParagraphTest" time="0.001"/>
  <testcase name="testCase05" classname="objectos.asciidoc.ParagraphTest" time="0.008"/>
  <testcase name="testCase06" classname="objectos.asciidoc.ParagraphTest" time="0.0"/>
  <testcase name="testCase06" classname="objectos.asciidoc.ParagraphTest" time="0.008"/>
  <testcase name="testCase07" classname="objectos.asciidoc.ParagraphTest" time="0.001"/>
  <testcase name="testCase07" classname="objectos.asciidoc.ParagraphTest" time="0.009"/>
  <testcase name="testCase08" classname="objectos.asciidoc.ParagraphTest" time="0.001"/>
  <testcase name="testCase08" classname="objectos.asciidoc.ParagraphTest" time="0.007"/>
  <testcase name="testCase09" classname="objectos.asciidoc.ParagraphTest" time="0.002"/>
  <testcase name="testCase09" classname="objectos.asciidoc.ParagraphTest" time="0.009"/>
  <testcase name="testCase01" classname="objectos.asciidoc.ConstrainedItalicTest" time="0.001"/>
  <testcase name="testCase01" classname="objectos.asciidoc.ConstrainedItalicTest" time="0.007"/>
  <testcase name="testCase02" classname="objectos.asciidoc.ConstrainedItalicTest" time="0.001"/>
  <testcase name="testCase02" classname="objectos.asciidoc.ConstrainedItalicTest" time="0.012"/>
  <testcase name="testCase03" classname="objectos.asciidoc.ConstrainedItalicTest" time="0.001"/>
  <testcase name="testCase03" classname="objectos.asciidoc.ConstrainedItalicTest" time="0.007"/>
  <testcase name="testCase04" classname="objectos.asciidoc.ConstrainedItalicTest" time="0.0"/>
  <testcase name="testCase04" classname="objectos.asciidoc.ConstrainedItalicTest" time="0.007"/>
  <testcase name="testCase01" classname="objectos.asciidoc.AttributeListTest" time="0.0"/>
  <testcase name="testCase01" classname="objectos.asciidoc.AttributeListTest" time="0.007"/>
  <testcase name="testCase01" classname="objectos.asciidoc.ListingBlockTest" time="0.012"/>
  <testcase name="testCase01" classname="objectos.asciidoc.ListingBlockTest" time="0.001"/>
  <testcase name="testCase02" classname="objectos.asciidoc.ListingBlockTest" time="0.005"/>
  <testcase name="testCase02" classname="objectos.asciidoc.ListingBlockTest" time="0.0"/>
  <testcase name="testCase03" classname="objectos.asciidoc.ListingBlockTest" time="0.006"/>
  <testcase name="testCase03" classname="objectos.asciidoc.ListingBlockTest" time="0.0"/>
  <testcase name="testCase04" classname="objectos.asciidoc.ListingBlockTest" time="0.005"/>
  <testcase name="testCase04" classname="objectos.asciidoc.ListingBlockTest" time="0.001"/>
  <testcase name="testCase05" classname="objectos.asciidoc.ListingBlockTest" time="0.007"/>
  <testcase name="testCase05" classname="objectos.asciidoc.ListingBlockTest" time="0.0"/>
  <testcase name="testCase01" classname="objectos.asciidoc.PreambleTest" time="0.003"/>
  <testcase name="testCase01" classname="objectos.asciidoc.PreambleTest" time="0.033"/>
  <testcase name="testCase01" classname="objectos.asciidoc.UrlMacroTest" time="0.008"/>
  <testcase name="testCase01" classname="objectos.asciidoc.UrlMacroTest" time="0.001"/>
  <testcase name="testCase02" classname="objectos.asciidoc.UrlMacroTest" time="0.007"/>
  <testcase name="testCase02" classname="objectos.asciidoc.UrlMacroTest" time="0.0"/>
  <testcase name="testCase03" classname="objectos.asciidoc.UrlMacroTest" time="0.007"/>
  <testcase name="testCase03" classname="objectos.asciidoc.UrlMacroTest" time="0.0"/>
  <testcase name="testCase01" classname="objectos.asciidoc.SectionTest" time="0.002"/>
  <testcase name="testCase01" classname="objectos.asciidoc.SectionTest" time="0.091"/>
  <testcase name="testCase02" classname="objectos.asciidoc.SectionTest" time="0.001"/>
  <testcase name="testCase02" classname="objectos.asciidoc.SectionTest" time="0.03"/>
  <testcase name="testCase03" classname="objectos.asciidoc.SectionTest" time="0.001"/>
  <testcase name="testCase03" classname="objectos.asciidoc.SectionTest" time="0.01"/>
  <testcase name="testCase04" classname="objectos.asciidoc.SectionTest" time="0.001"/>
  <testcase name="testCase04" classname="objectos.asciidoc.SectionTest" time="0.015"/>
  <testcase name="testCase05" classname="objectos.asciidoc.SectionTest" time="0.001"/>
  <testcase name="testCase05" classname="objectos.asciidoc.SectionTest" time="0.01"/>
  <testcase name="testCase06" classname="objectos.asciidoc.SectionTest" time="0.001"/>
  <testcase name="testCase06" classname="objectos.asciidoc.SectionTest" time="0.037"/>
  <testcase name="testCase07" classname="objectos.asciidoc.SectionTest" time="0.001"/>
  <testcase name="testCase07" classname="objectos.asciidoc.SectionTest" time="0.021"/>
  <testcase name="testCase08" classname="objectos.asciidoc.SectionTest" time="0.0"/>
  <testcase name="testCase08" classname="objectos.asciidoc.SectionTest" time="0.014"/>
  <testcase name="testCase09" classname="objectos.asciidoc.SectionTest" time="0.001"/>
  <testcase name="testCase09" classname="objectos.asciidoc.SectionTest" time="0.012"/>
  <testcase name="testCase10" classname="objectos.asciidoc.SectionTest" time="0.0"/>
  <testcase name="testCase10" classname="objectos.asciidoc.SectionTest" time="0.01"/>
  <testcase name="testCase11" classname="objectos.asciidoc.SectionTest" time="0.002"/>
  <testcase name="testCase11" classname="objectos.asciidoc.SectionTest" time="0.017"/>
  <testcase name="testCase01" classname="objectos.asciidoc.UnorderedListTest" time="0.008"/>
  <testcase name="testCase01" classname="objectos.asciidoc.UnorderedListTest" time="0.001"/>
  <testcase name="testCase02" classname="objectos.asciidoc.UnorderedListTest" time="0.013"/>
  <testcase name="testCase02" classname="objectos.asciidoc.UnorderedListTest" time="0.0"/>
  <testcase name="testCase03" classname="objectos.asciidoc.UnorderedListTest" time="0.007"/>
  <testcase name="testCase03" classname="objectos.asciidoc.UnorderedListTest" time="0.0"/>
  <testcase name="testCase04" classname="objectos.asciidoc.UnorderedListTest" time="0.008"/>
  <testcase name="testCase04" classname="objectos.asciidoc.UnorderedListTest" time="0.001"/>
  <testcase name="testCase05" classname="objectos.asciidoc.UnorderedListTest" time="0.008"/>
  <testcase name="testCase05" classname="objectos.asciidoc.UnorderedListTest" time="0.001"/>
  <testcase name="testCase06" classname="objectos.asciidoc.UnorderedListTest" time="0.008"/>
  <testcase name="testCase06" classname="objectos.asciidoc.UnorderedListTest" time="0.0"/>
  <testcase name="testCase07" classname="objectos.asciidoc.UnorderedListTest" time="0.007"/>
  <testcase name="testCase07" classname="objectos.asciidoc.UnorderedListTest" time="0.001"/>
  <testcase name="testCase08" classname="objectos.asciidoc.UnorderedListTest" time="0.039"/>
  <testcase name="testCase08" classname="objectos.asciidoc.UnorderedListTest" time="0.0"/>
  <testcase name="testCase09" classname="objectos.asciidoc.UnorderedListTest" time="0.013"/>
  <testcase name="testCase09" classname="objectos.asciidoc.UnorderedListTest" time="0.0"/>
  <testcase name="testCase10" classname="objectos.asciidoc.UnorderedListTest" time="0.027"/>
  <testcase name="testCase10" classname="objectos.asciidoc.UnorderedListTest" time="0.0"/>
  <testcase name="testCase11" classname="objectos.asciidoc.UnorderedListTest" time="0.011"/>
  <testcase name="testCase11" classname="objectos.asciidoc.UnorderedListTest" time="0.001"/>
  <testcase name="testCase12" classname="objectos.asciidoc.UnorderedListTest" time="0.012"/>
  <testcase name="testCase12" classname="objectos.asciidoc.UnorderedListTest" time="0.001"/>
  <testcase name="testCase13" classname="objectos.asciidoc.UnorderedListTest" time="0.011"/>
  <testcase name="testCase13" classname="objectos.asciidoc.UnorderedListTest" time="0.0"/>
  <testcase name="testCase14" classname="objectos.asciidoc.UnorderedListTest" time="0.011"/>
  <testcase name="testCase14" classname="objectos.asciidoc.UnorderedListTest" time="0.001"/>
  <testcase name="testCase15" classname="objectos.asciidoc.UnorderedListTest" time="0.015"/>
  <testcase name="testCase15" classname="objectos.asciidoc.UnorderedListTest" time="0.0"/>
  <testcase name="testCase01" classname="objectos.asciidoc.InlineMacroTest" time="0.011"/>
  <testcase name="testCase01" classname="objectos.asciidoc.InlineMacroTest" time="0.0"/>
  <testcase name="testCase02" classname="objectos.asciidoc.InlineMacroTest" time="0.01"/>
  <testcase name="testCase02" classname="objectos.asciidoc.InlineMacroTest" time="0.0"/>
  <testcase name="testCase03" classname="objectos.asciidoc.InlineMacroTest" time="0.01"/>
  <testcase name="testCase03" classname="objectos.asciidoc.InlineMacroTest" time="0.001"/>
  <testcase name="testCase04" classname="objectos.asciidoc.InlineMacroTest" time="0.006"/>
  <testcase name="testCase04" classname="objectos.asciidoc.InlineMacroTest" time="0.001"/>
  <testcase name="testCase05" classname="objectos.asciidoc.InlineMacroTest" time="0.006"/>
  <testcase name="testCase05" classname="objectos.asciidoc.InlineMacroTest" time="0.0"/>
  <testcase name="testCase06" classname="objectos.asciidoc.InlineMacroTest" time="0.006"/>
  <testcase name="testCase06" classname="objectos.asciidoc.InlineMacroTest" time="0.0"/>
  <testcase name="testCase07" classname="objectos.asciidoc.InlineMacroTest" time="0.005"/>
  <testcase name="testCase07" classname="objectos.asciidoc.InlineMacroTest" time="0.001"/>
  <testcase name="testCase08" classname="objectos.asciidoc.InlineMacroTest" time="0.029"/>
  <testcase name="testCase08" classname="objectos.asciidoc.InlineMacroTest" time="0.0"/>
  <testcase name="testCase09" classname="objectos.asciidoc.InlineMacroTest" time="0.006"/>
  <testcase name="testCase09" classname="objectos.asciidoc.InlineMacroTest" time="0.0"/>
  <testcase name="testCase01" classname="objectos.asciidoc.ConstrainedBoldTest" time="0.008"/>
  <testcase name="testCase01" classname="objectos.asciidoc.ConstrainedBoldTest" time="0.0"/>
  <testcase name="testCase02" classname="objectos.asciidoc.ConstrainedBoldTest" time="0.005"/>
  <testcase name="testCase02" classname="objectos.asciidoc.ConstrainedBoldTest" time="0.0"/>
  <testcase name="testCase03" classname="objectos.asciidoc.ConstrainedBoldTest" time="0.006"/>
  <testcase name="testCase03" classname="objectos.asciidoc.ConstrainedBoldTest" time="0.0"/>
</testsuite>