<?xml version="1.0" encoding="UTF-8"?>
<testsuite xmlns:xsi="http://www.w3.org/2001/XMLSchema-instance" xsi:noNamespaceSchemaLocation="https://maven.apache.org/surefire/maven-surefire-plugin/xsd/surefire-test-report-3.0.xsd" version="3.0" name="TestSuite" time="1.285" tests="76" errors="0" skipped="0" failures="0">
  <properties>
[...]
</properties>
  <testcase name="unsignedLongValue" classname="objectos.http.internal.HeaderValueTest" time="0.007"/>
  <testcase name="http001" classname="objectos.http.internal.HttpExchangeResultTest" time="0.029"/>
  <testcase name="result" classname="objectos.http.internal.HttpExchangeResultTest" time="0.0"/>
  <testcase name="resultToSetup" classname="objectos.http.internal.HttpExchangeResultTest" time="0.0"/>
  <testcase name="http001" classname="objectos.http.internal.HttpExchangeOutputTest" time="0.001"/>
  <testcase name="http002" classname="objectos.http.internal.HttpExchangeOutputTest" time="0.002"/>
  <testcase name="output" classname="objectos.http.internal.HttpExchangeOutputTest" time="0.001"/>
  <testcase name="outputBody" classname="objectos.http.internal.HttpExchangeOutputTest" time="0.0"/>
  <testcase name="outputBodyToErrorWrite" classname="objectos.http.internal.HttpExchangeOutputTest" time="0.001"/>
  <testcase name="outputBuffer" classname="objectos.http.internal.HttpExchangeOutputTest" time="0.001"/>
  <testcase name="outputBufferToClose" classname="objectos.http.internal.HttpExchangeOutputTest" time="0.001"/>
  <testcase name="outputBufferToCloseOnWrite" classname="objectos.http.internal.HttpExchangeOutputTest" time="0.001"/>
  <testcase name="outputHeader" classname="objectos.http.internal.HttpExchangeOutputTest" time="0.001"/>
  <testcase name="outputHeaderToOutputBufferBufferFull" classname="objectos.http.internal.HttpExchangeOutputTest" time="0.0"/>
  <testcase name="outputHeaderToOutputTerminator" classname="objectos.http.internal.HttpExchangeOutputTest" time="0.001"/>
  <testcase name="outputStatus" classname="objectos.http.internal.HttpExchangeOutputTest" time="0.001"/>
  <testcase name="outputTerminator" classname="objectos.http.internal.HttpExchangeOutputTest" time="0.001"/>
  <testcase name="outputTerminatorToOutputBuffer" classname="objectos.http.internal.HttpExchangeOutputTest" time="0.0"/>
  <testcase name="http001" classname="objectos.http.internal.HttpExchangeSetupTest" time="0.001"/>
  <testcase name="setup01" classname="objectos.http.internal.HttpExchangeSetupTest" time="0.001"/>
  <testcase name="http001" classname="objectos.http.internal.HttpExchangeParseHeaderTest" time="0.001"/>
  <testcase name="http006" classname="objectos.http.internal.HttpExchangeParseHeaderTest" time="0.0"/>
  <testcase name="parseHeader" classname="objectos.http.internal.HttpExchangeParseHeaderTest" time="0.0"/>
  <testcase name="parseHeaderName" classname="objectos.http.internal.HttpExchangeParseHeaderTest" time="0.001"/>
  <testcase name="parseHeaderNameToClientErrorBadRequest" classname="objectos.http.internal.HttpExchangeParseHeaderTest" time="0.0"/>
  <testcase name="parseHeaderNameToInputRead" classname="objectos.http.internal.HttpExchangeParseHeaderTest" time="0.0"/>
  <testcase name="parseHeaderNameToParseHeaderValue" classname="objectos.http.internal.HttpExchangeParseHeaderTest" time="0.0"/>
  <testcase name="parseHeaderToClientErrorBadRequest" classname="objectos.http.internal.HttpExchangeParseHeaderTest" time="0.0"/>
  <testcase name="parseHeaderToHandle" classname="objectos.http.internal.HttpExchangeParseHeaderTest" time="0.001"/>
  <testcase name="parseHeaderToInputRead" classname="objectos.http.internal.HttpExchangeParseHeaderTest" time="0.0"/>
  <testcase name="parseHeaderValue" classname="objectos.http.internal.HttpExchangeParseHeaderTest" time="0.0"/>
  <testcase name="parseHeaderValueEmptyValue" classname="objectos.http.internal.HttpExchangeParseHeaderTest" time="0.0"/>
  <testcase name="parseHeaderValueHeaderNameIsUnknown" classname="objectos.http.internal.HttpExchangeParseHeaderTest" time="0.001"/>
  <testcase name="parseHeaderValueToClientErrorBadRequest" classname="objectos.http.internal.HttpExchangeParseHeaderTest" time="0.001"/>
  <testcase name="parseHeaderValueToInputRead" classname="objectos.http.internal.HttpExchangeParseHeaderTest" time="0.001"/>
  <testcase name="http001" classname="objectos.http.internal.HttpExchangeRequestLineTest" time="0.001"/>
  <testcase name="http006" classname="objectos.http.internal.HttpExchangeRequestLineTest" time="0.0"/>
  <testcase name="requestLine" classname="objectos.http.internal.HttpExchangeRequestLineTest" time="0.001"/>
  <testcase name="requestLineMethod" classname="objectos.http.internal.HttpExchangeRequestLineTest" time="0.001"/>
  <testcase name="requestLineMethodP" classname="objectos.http.internal.HttpExchangeRequestLineTest" time="0.001"/>
  <testcase name="requestLineMethodPToInputRead" classname="objectos.http.internal.HttpExchangeRequestLineTest" time="0.001"/>
  <testcase name="requestLineMethodToClientErrorBadRequest" classname="objectos.http.internal.HttpExchangeRequestLineTest" time="0.001"/>
  <testcase name="requestLineMethodToInputRead" classname="objectos.http.internal.HttpExchangeRequestLineTest" time="0.001"/>
  <testcase name="requestLineTarget" classname="objectos.http.internal.HttpExchangeRequestLineTest" time="0.0"/>
  <testcase name="requestLineTargetToClientErrorUriTooLong" classname="objectos.http.internal.HttpExchangeRequestLineTest" time="0.0"/>
  <testcase name="requestLineTargetToInputRead" classname="objectos.http.internal.HttpExchangeRequestLineTest" time="0.0"/>
  <testcase name="requestLineToClientErrorBadRequest" classname="objectos.http.internal.HttpExchangeRequestLineTest" time="0.0"/>
  <testcase name="requestLineToRequestLineMethodP" classname="objectos.http.internal.HttpExchangeRequestLineTest" time="0.0"/>
  <testcase name="requestLineVersion01" classname="objectos.http.internal.HttpExchangeRequestLineTest" time="0.0"/>
  <testcase name="requestLineVersion02LF" classname="objectos.http.internal.HttpExchangeRequestLineTest" time="0.0"/>
  <testcase name="requestLineVersionToClientErrorBadRequest" classname="objectos.http.internal.HttpExchangeRequestLineTest" time="0.0"/>
  <testcase name="requestLineVersionToClientErrorUriTooLong" classname="objectos.http.internal.HttpExchangeRequestLineTest" time="0.0"/>
  <testcase name="requestLineVersionToInputRead" classname="objectos.http.internal.HttpExchangeRequestLineTest" time="0.0"/>
  <testcase name="toLowerCase" classname="objectos.http.internal.BytesTest" time="0.0"/>
  <testcase name="http002" classname="objectos.http.internal.HttpChunkedCharsTest" time="0.001"/>
  <testcase name="http003" classname="objectos.http.internal.HttpExchangeTest" time="0.0"/>
  <testcase name="http004" classname="objectos.http.internal.HttpExchangeTest" time="0.001"/>
  <testcase name="testCase01" classname="objectos.http.internal.ServerSocketThreadTest" time="0.027"/>
  <testcase name="http006" classname="objectos.http.internal.HttpExchangeRequestBodyTest" time="0.001"/>
  <testcase name="handle" classname="objectos.http.internal.HttpExchangeHandleTest" time="0.001"/>
  <testcase name="handleInvoke" classname="objectos.http.internal.HttpExchangeHandleTest" time="0.001"/>
  <testcase name="http001" classname="objectos.http.internal.HttpExchangeHandleTest" time="0.022"/>
  <testcase name="http004" classname="objectos.http.internal.HttpExchangeHandleTest" time="0.001"/>
  <testcase name="http001" classname="objectos.http.internal.HttpExchangeInputTest" time="0.001"/>
  <testcase name="input" classname="objectos.http.internal.HttpExchangeInputTest" time="0.001"/>
  <testcase name="inputRead01" classname="objectos.http.internal.HttpExchangeInputTest" time="0.001"/>
  <testcase name="inputRead02" classname="objectos.http.internal.HttpExchangeInputTest" time="0.001"/>
  <testcase name="inputRead03" classname="objectos.http.internal.HttpExchangeInputTest" time="0.0"/>
  <testcase name="testCase01" classname="objectos.http.util.UrlEncodedFormTest" time="0.008"/>
  <testcase name="testCase02" classname="objectos.http.util.UrlEncodedFormTest" time="0.001"/>
  <testcase name="http001" classname="objectos.http.HttpTest" time="0.015"/>
  <testcase name="http002" classname="objectos.http.HttpTest" time="0.002"/>
  <testcase name="http003" classname="objectos.http.HttpTest" time="0.001"/>
  <testcase name="http004" classname="objectos.http.HttpTest" time="0.014"/>
  <testcase name="http005" classname="objectos.http.HttpTest" time="0.044"/>
  <testcase name="http006" classname="objectos.http.HttpTest" time="0.002"/>
</testsuite>