<?xml version="1.0" encoding="UTF-8"?>
<testng-results ignored="1" total="92" passed="91" failed="0" skipped="0">
  <reporter-output>
  </reporter-output>
  <suite started-at="2023-08-18T13:50:36 BRT" name="Surefire suite" finished-at="2023-08-18T13:50:36 BRT" duration-ms="282">
    <groups>
    </groups>
    <test started-at="2023-08-18T13:50:36 BRT" name="Surefire test" finished-at="2023-08-18T13:50:36 BRT" duration-ms="282">
      <class name="objectos.html.internal.ValidateTest">
        <test-method signature="pathName()[pri:0, instance:objectos.html.internal.ValidateTest@732c2a62]" started-at="2023-08-18T13:50:36 BRT" name="pathName" finished-at="2023-08-18T13:50:36 BRT" duration-ms="1" status="PASS">
          <reporter-output>
          </reporter-output>
        </test-method> <!-- pathName -->
      </class> <!-- objectos.html.internal.ValidateTest -->
      <class name="objectos.html.internal.HtmlCompiler01Test">
        <test-method signature="testCase00()[pri:0, instance:objectos.html.internal.HtmlCompiler01Test@3e6ef8ad]" started-at="2023-08-18T13:50:36 BRT" name="testCase00" description="&lt;html&gt;&lt;/html&gt;
" finished-at="2023-08-18T13:50:36 BRT" duration-ms="13" status="PASS">
          <reporter-output>
          </reporter-output>
        </test-method> <!-- testCase00 -->
        <test-method signature="testCase01()[pri:0, instance:objectos.html.internal.HtmlCompiler01Test@3e6ef8ad]" started-at="2023-08-18T13:50:36 BRT" name="testCase01" description="&lt;html lang=&quot;pt-BR&quot;&gt;&lt;/html&gt;
" finished-at="2023-08-18T13:50:36 BRT" duration-ms="28" status="PASS">
          <reporter-output>
          </reporter-output>
        </test-method> <!-- testCase01 -->
        <test-method signature="testCase02()[pri:0, instance:objectos.html.internal.HtmlCompiler01Test@3e6ef8ad]" started-at="2023-08-18T13:50:36 BRT" name="testCase02" description="&lt;html class=&quot;no-js&quot; lang=&quot;pt-BR&quot;&gt;&lt;/html&gt;
" finished-at="2023-08-18T13:50:36 BRT" duration-ms="1" status="PASS">
          <reporter-output>
          </reporter-output>
        </test-method> <!-- testCase02 -->
        <test-method signature="testCase03()[pri:0, instance:objectos.html.internal.HtmlCompiler01Test@3e6ef8ad]" started-at="2023-08-18T13:50:36 BRT" name="testCase03" description="&lt;html&gt;&lt;head&gt;&lt;/head&gt;&lt;/html&gt;
" finished-at="2023-08-18T13:50:36 BRT" duration-ms="0" status="PASS">
          <reporter-output>
          </reporter-output>
        </test-method> <!-- testCase03 -->
        <test-method signature="testCase09()[pri:0, instance:objectos.html.internal.HtmlCompiler01Test@3e6ef8ad]" started-at="2023-08-18T13:50:36 BRT" name="testCase09" description="&lt;!DOCTYPE html&gt;
&lt;html&gt;&lt;/html&gt;
" finished-at="2023-08-18T13:50:36 BRT" duration-ms="0" status="PASS">
          <reporter-output>
          </reporter-output>
        </test-method> <!-- testCase09 -->
        <test-method signature="testCase10()[pri:0, instance:objectos.html.internal.HtmlCompiler01Test@3e6ef8ad]" started-at="2023-08-18T13:50:36 BRT" name="testCase10" description="fragment inclusion
" finished-at="2023-08-18T13:50:36 BRT" duration-ms="2" status="PASS">
          <reporter-output>
          </reporter-output>
        </test-method> <!-- testCase10 -->
        <test-method signature="testCase13()[pri:0, instance:objectos.html.internal.HtmlCompiler01Test@3e6ef8ad]" started-at="2023-08-18T13:50:36 BRT" name="testCase13" description="External id attributes
" finished-at="2023-08-18T13:50:36 BRT" duration-ms="1" status="PASS">
          <reporter-output>
          </reporter-output>
        </test-method> <!-- testCase13 -->
        <test-method signature="testCase14()[pri:0, instance:objectos.html.internal.HtmlCompiler01Test@3e6ef8ad]" started-at="2023-08-18T13:50:36 BRT" name="testCase14" description="Text child element
" finished-at="2023-08-18T13:50:36 BRT" duration-ms="0" status="PASS">
          <reporter-output>
          </reporter-output>
        </test-method> <!-- testCase14 -->
        <test-method signature="testCase16()[pri:0, instance:objectos.html.internal.HtmlCompiler01Test@3e6ef8ad]" started-at="2023-08-18T13:50:36 BRT" name="testCase16" description="Ambiguous
" finished-at="2023-08-18T13:50:36 BRT" duration-ms="3" status="PASS">
          <reporter-output>
          </reporter-output>
        </test-method> <!-- testCase16 -->
        <test-method signature="testCase20()[pri:0, instance:objectos.html.internal.HtmlCompiler01Test@3e6ef8ad]" started-at="2023-08-18T13:50:36 BRT" name="testCase20" description="include template
" finished-at="2023-08-18T13:50:36 BRT" duration-ms="3" status="PASS">
          <reporter-output>
          </reporter-output>
        </test-method> <!-- testCase20 -->
        <test-method signature="testCase25()[pri:0, instance:objectos.html.internal.HtmlCompiler01Test@3e6ef8ad]" started-at="2023-08-18T13:50:36 BRT" name="testCase25" description="style/script =&gt; raw
" finished-at="2023-08-18T13:50:36 BRT" duration-ms="1" status="PASS">
          <reporter-output>
          </reporter-output>
        </test-method> <!-- testCase25 -->
        <test-method signature="testCase31()[pri:0, instance:objectos.html.internal.HtmlCompiler01Test@3e6ef8ad]" started-at="2023-08-18T13:50:36 BRT" name="testCase31" description="HtmlTemplate TC31

- email input
" finished-at="2023-08-18T13:50:36 BRT" duration-ms="0" status="PASS">
          <reporter-output>
          </reporter-output>
        </test-method> <!-- testCase31 -->
        <test-method signature="testCase46()[pri:0, instance:objectos.html.internal.HtmlCompiler01Test@3e6ef8ad]" started-at="2023-08-18T13:50:36 BRT" name="testCase46" description="HtmlTemplate TC46

- flatten instruction
" finished-at="2023-08-18T13:50:36 BRT" duration-ms="0" status="PASS">
          <reporter-output>
          </reporter-output>
        </test-method> <!-- testCase46 -->
        <test-method signature="testCase47()[pri:0, instance:objectos.html.internal.HtmlCompiler01Test@3e6ef8ad]" started-at="2023-08-18T13:50:36 BRT" name="testCase47" description="HtmlTemplate TC47

- grid component
" finished-at="2023-08-18T13:50:36 BRT" duration-ms="1" status="PASS">
          <reporter-output>
          </reporter-output>
        </test-method> <!-- testCase47 -->
      </class> <!-- objectos.html.internal.HtmlCompiler01Test -->
      <class name="objectos.html.internal.InternalCompiledHtmlTest">
        <test-method signature="testCase01()[pri:0, instance:objectos.html.internal.InternalCompiledHtmlTest@4e7912d8]" started-at="2023-08-18T13:50:36 BRT" name="testCase01" description="PrettyPrintWriter TC01

- empty element
" finished-at="2023-08-18T13:50:36 BRT" duration-ms="3" status="PASS">
          <reporter-output>
          </reporter-output>
        </test-method> <!-- testCase01 -->
        <test-method signature="testCase02()[pri:0, instance:objectos.html.internal.InternalCompiledHtmlTest@4e7912d8]" started-at="2023-08-18T13:50:36 BRT" name="testCase02" description="PrettyPrintWriter TC02

- doctype
" finished-at="2023-08-18T13:50:36 BRT" duration-ms="1" status="PASS">
          <reporter-output>
          </reporter-output>
        </test-method> <!-- testCase02 -->
        <test-method signature="testCase03()[pri:0, instance:objectos.html.internal.InternalCompiledHtmlTest@4e7912d8]" started-at="2023-08-18T13:50:36 BRT" name="testCase03" description="PrettyPrintWriter TC03

- head/body
" finished-at="2023-08-18T13:50:36 BRT" duration-ms="0" status="PASS">
          <reporter-output>
          </reporter-output>
        </test-method> <!-- testCase03 -->
        <test-method signature="testCase04()[pri:0, instance:objectos.html.internal.InternalCompiledHtmlTest@4e7912d8]" started-at="2023-08-18T13:50:36 BRT" name="testCase04" description="PrettyPrintWriter TC04

- head/meta (self closing)
" finished-at="2023-08-18T13:50:36 BRT" duration-ms="1" status="PASS">
          <reporter-output>
          </reporter-output>
        </test-method> <!-- testCase04 -->
        <test-method signature="testCase05()[pri:0, instance:objectos.html.internal.InternalCompiledHtmlTest@4e7912d8]" started-at="2023-08-18T13:50:36 BRT" name="testCase05" description="PrettyPrintWriter TC05

- head/meta (self closing)
- + attributes
" finished-at="2023-08-18T13:50:36 BRT" duration-ms="0" status="PASS">
          <reporter-output>
          </reporter-output>
        </test-method> <!-- testCase05 -->
        <test-method signature="testCase06()[pri:0, instance:objectos.html.internal.InternalCompiledHtmlTest@4e7912d8]" started-at="2023-08-18T13:50:36 BRT" name="testCase06" description="PrettyPrintWriter TC06

- paragraph w/ text
" finished-at="2023-08-18T13:50:36 BRT" duration-ms="1" status="PASS">
          <reporter-output>
          </reporter-output>
        </test-method> <!-- testCase06 -->
        <test-method signature="testCase07()[pri:0, instance:objectos.html.internal.InternalCompiledHtmlTest@4e7912d8]" started-at="2023-08-18T13:50:36 BRT" name="testCase07" description="PrettyPrintWriter TC07

- paragraph w/ text
- + inline elements
" finished-at="2023-08-18T13:50:36 BRT" duration-ms="0" status="PASS">
          <reporter-output>
          </reporter-output>
        </test-method> <!-- testCase07 -->
        <test-method signature="testCase08()[pri:0, instance:objectos.html.internal.InternalCompiledHtmlTest@4e7912d8]" started-at="2023-08-18T13:50:36 BRT" name="testCase08" description="PrettyPrintWriter TC08

- ul/li
" finished-at="2023-08-18T13:50:36 BRT" duration-ms="1" status="PASS">
          <reporter-output>
          </reporter-output>
        </test-method> <!-- testCase08 -->
        <test-method signature="testCase09()[pri:0, instance:objectos.html.internal.InternalCompiledHtmlTest@4e7912d8]" started-at="2023-08-18T13:50:36 BRT" name="testCase09" description="PrettyPrintWriter TC09

- style
" finished-at="2023-08-18T13:50:36 BRT" duration-ms="1" status="PASS">
          <reporter-output>
          </reporter-output>
        </test-method> <!-- testCase09 -->
        <test-method signature="testCase10()[pri:0, instance:objectos.html.internal.InternalCompiledHtmlTest@4e7912d8]" started-at="2023-08-18T13:50:36 BRT" name="testCase10" description="PrettyPrintWriter TC10

- always end with a NL
" finished-at="2023-08-18T13:50:36 BRT" duration-ms="1" status="PASS">
          <reporter-output>
          </reporter-output>
        </test-method> <!-- testCase10 -->
      </class> <!-- objectos.html.internal.InternalCompiledHtmlTest -->
      <class name="objectos.html.internal.WriterTest">
        <test-method signature="writeAttributeValue()[pri:0, instance:objectos.html.internal.WriterTest@41fecb8b]" started-at="2023-08-18T13:50:36 BRT" name="writeAttributeValue" finished-at="2023-08-18T13:50:36 BRT" duration-ms="1" status="PASS">
          <reporter-output>
          </reporter-output>
        </test-method> <!-- writeAttributeValue -->
        <test-method signature="writeText()[pri:0, instance:objectos.html.internal.WriterTest@41fecb8b]" started-at="2023-08-18T13:50:36 BRT" name="writeText" finished-at="2023-08-18T13:50:36 BRT" duration-ms="1" status="PASS">
          <reporter-output>
          </reporter-output>
        </test-method> <!-- writeText -->
      </class> <!-- objectos.html.internal.WriterTest -->
      <class name="objectos.html.internal.HtmlPlayerTest">
        <test-method signature="processHrefTC01()[pri:0, instance:objectos.html.internal.HtmlPlayerTest@1ba9117e]" started-at="2023-08-18T13:50:36 BRT" name="processHrefTC01" finished-at="2023-08-18T13:50:36 BRT" duration-ms="1" status="PASS">
          <reporter-output>
          </reporter-output>
        </test-method> <!-- processHrefTC01 -->
        <test-method signature="processHrefTC02()[pri:0, instance:objectos.html.internal.HtmlPlayerTest@1ba9117e]" started-at="2023-08-18T13:50:36 BRT" name="processHrefTC02" finished-at="2023-08-18T13:50:36 BRT" duration-ms="1" status="PASS">
          <reporter-output>
          </reporter-output>
        </test-method> <!-- processHrefTC02 -->
        <test-method signature="processHrefTC03()[pri:0, instance:objectos.html.internal.HtmlPlayerTest@1ba9117e]" started-at="2023-08-18T13:50:36 BRT" name="processHrefTC03" finished-at="2023-08-18T13:50:36 BRT" duration-ms="0" status="PASS">
          <reporter-output>
          </reporter-output>
        </test-method> <!-- processHrefTC03 -->
      </class> <!-- objectos.html.internal.HtmlPlayerTest -->
      <class name="objectos.html.internal.HtmlCompiler02Test">
        <test-method signature="testCase00()[pri:0, instance:objectos.html.internal.HtmlCompiler02Test@696da30b]" started-at="2023-08-18T13:50:36 BRT" name="testCase00" description="&lt;html&gt;&lt;/html&gt;
" finished-at="2023-08-18T13:50:36 BRT" duration-ms="1" status="PASS">
          <reporter-output>
          </reporter-output>
        </test-method> <!-- testCase00 -->
        <test-method signature="testCase01()[pri:0, instance:objectos.html.internal.HtmlCompiler02Test@696da30b]" started-at="2023-08-18T13:50:36 BRT" name="testCase01" description="&lt;html lang=&quot;pt-BR&quot;&gt;&lt;/html&gt;
" finished-at="2023-08-18T13:50:36 BRT" duration-ms="1" status="PASS">
          <reporter-output>
          </reporter-output>
        </test-method> <!-- testCase01 -->
        <test-method signature="testCase02()[pri:0, instance:objectos.html.internal.HtmlCompiler02Test@696da30b]" started-at="2023-08-18T13:50:36 BRT" name="testCase02" description="&lt;html class=&quot;no-js&quot; lang=&quot;pt-BR&quot;&gt;&lt;/html&gt;
" finished-at="2023-08-18T13:50:36 BRT" duration-ms="1" status="PASS">
          <reporter-output>
          </reporter-output>
        </test-method> <!-- testCase02 -->
        <test-method signature="testCase03()[pri:0, instance:objectos.html.internal.HtmlCompiler02Test@696da30b]" started-at="2023-08-18T13:50:36 BRT" name="testCase03" description="&lt;html&gt;&lt;head&gt;&lt;/head&gt;&lt;/html&gt;
" finished-at="2023-08-18T13:50:36 BRT" duration-ms="1" status="PASS">
          <reporter-output>
          </reporter-output>
        </test-method> <!-- testCase03 -->
        <test-method signature="testCase09()[pri:0, instance:objectos.html.internal.HtmlCompiler02Test@696da30b]" started-at="2023-08-18T13:50:36 BRT" name="testCase09" description="&lt;!DOCTYPE html&gt;
&lt;html&gt;&lt;/html&gt;
" finished-at="2023-08-18T13:50:36 BRT" duration-ms="1" status="PASS">
          <reporter-output>
          </reporter-output>
        </test-method> <!-- testCase09 -->
        <test-method signature="testCase10()[pri:0, instance:objectos.html.internal.HtmlCompiler02Test@696da30b]" started-at="2023-08-18T13:50:36 BRT" name="testCase10" description="fragment inclusion
" finished-at="2023-08-18T13:50:36 BRT" duration-ms="1" status="PASS">
          <reporter-output>
          </reporter-output>
        </test-method> <!-- testCase10 -->
        <test-method signature="testCase13()[pri:0, instance:objectos.html.internal.HtmlCompiler02Test@696da30b]" started-at="2023-08-18T13:50:36 BRT" name="testCase13" description="External id attributes
" finished-at="2023-08-18T13:50:36 BRT" duration-ms="1" status="PASS">
          <reporter-output>
          </reporter-output>
        </test-method> <!-- testCase13 -->
        <test-method signature="testCase14()[pri:0, instance:objectos.html.internal.HtmlCompiler02Test@696da30b]" started-at="2023-08-18T13:50:36 BRT" name="testCase14" description="Text child element
" finished-at="2023-08-18T13:50:36 BRT" duration-ms="2" status="PASS">
          <reporter-output>
          </reporter-output>
        </test-method> <!-- testCase14 -->
        <test-method signature="testCase16()[pri:0, instance:objectos.html.internal.HtmlCompiler02Test@696da30b]" started-at="2023-08-18T13:50:36 BRT" name="testCase16" description="Ambiguous
" finished-at="2023-08-18T13:50:36 BRT" duration-ms="1" status="PASS">
          <reporter-output>
          </reporter-output>
        </test-method> <!-- testCase16 -->
        <test-method signature="testCase20()[pri:0, instance:objectos.html.internal.HtmlCompiler02Test@696da30b]" started-at="2023-08-18T13:50:36 BRT" name="testCase20" description="include template
" finished-at="2023-08-18T13:50:36 BRT" duration-ms="0" status="PASS">
          <reporter-output>
          </reporter-output>
        </test-method> <!-- testCase20 -->
        <test-method signature="testCase25()[pri:0, instance:objectos.html.internal.HtmlCompiler02Test@696da30b]" started-at="2023-08-18T13:50:36 BRT" name="testCase25" description="style/script =&gt; raw
" finished-at="2023-08-18T13:50:36 BRT" duration-ms="0" status="PASS">
          <reporter-output>
          </reporter-output>
        </test-method> <!-- testCase25 -->
        <test-method signature="testCase31()[pri:0, instance:objectos.html.internal.HtmlCompiler02Test@696da30b]" started-at="2023-08-18T13:50:36 BRT" name="testCase31" description="HtmlTemplate TC31

- email input
" finished-at="2023-08-18T13:50:36 BRT" duration-ms="1" status="PASS">
          <reporter-output>
          </reporter-output>
        </test-method> <!-- testCase31 -->
        <test-method signature="testCase46()[pri:0, instance:objectos.html.internal.HtmlCompiler02Test@696da30b]" started-at="2023-08-18T13:50:36 BRT" name="testCase46" description="HtmlTemplate TC46

- flatten instruction
" finished-at="2023-08-18T13:50:36 BRT" duration-ms="1" status="PASS">
          <reporter-output>
          </reporter-output>
        </test-method> <!-- testCase46 -->
      </class> <!-- objectos.html.internal.HtmlCompiler02Test -->
      <class name="objectos.html.tmpl.StandardAttributeNameTest">
        <test-method signature="canBeEncoded_WithSingleByte()[pri:0, instance:objectos.html.tmpl.StandardAttributeNameTest@51dcb805]" started-at="2023-08-18T13:50:36 BRT" name="canBeEncoded_WithSingleByte" finished-at="2023-08-18T13:50:36 BRT" duration-ms="0" status="PASS">
          <reporter-output>
          </reporter-output>
        </test-method> <!-- canBeEncoded_WithSingleByte -->
      </class> <!-- objectos.html.tmpl.StandardAttributeNameTest -->
      <class name="objectos.html.HtmlTemplateTest">
        <test-method signature="testCase00()[pri:0, instance:objectos.html.HtmlTemplateTest@120f102b]" started-at="2023-08-18T13:50:36 BRT" name="testCase00" description="HtmlTemplate TC00

- single html element
" finished-at="2023-08-18T13:50:36 BRT" duration-ms="1" status="PASS">
          <reporter-output>
          </reporter-output>
        </test-method> <!-- testCase00 -->
        <test-method signature="testCase01()[pri:0, instance:objectos.html.HtmlTemplateTest@120f102b]" started-at="2023-08-18T13:50:36 BRT" name="testCase01" description="HtmlTemplate TC01

- single html element with a single attribute.
" finished-at="2023-08-18T13:50:36 BRT" duration-ms="0" status="PASS">
          <reporter-output>
          </reporter-output>
        </test-method> <!-- testCase01 -->
        <test-method signature="testCase02()[pri:0, instance:objectos.html.HtmlTemplateTest@120f102b]" started-at="2023-08-18T13:50:36 BRT" name="testCase02" description="HtmlTemplate TC02

- Single html element with two attributes
" finished-at="2023-08-18T13:50:36 BRT" duration-ms="1" status="PASS">
          <reporter-output>
          </reporter-output>
        </test-method> <!-- testCase02 -->
        <test-method signature="testCase03()[pri:0, instance:objectos.html.HtmlTemplateTest@120f102b]" started-at="2023-08-18T13:50:36 BRT" name="testCase03" description="HtmlTemplate TC03

- Single html element with a single head child element
" finished-at="2023-08-18T13:50:36 BRT" duration-ms="1" status="PASS">
          <reporter-output>
          </reporter-output>
        </test-method> <!-- testCase03 -->
        <test-method signature="testCase04()[pri:0, instance:objectos.html.HtmlTemplateTest@120f102b]" started-at="2023-08-18T13:50:36 BRT" name="testCase04" description="HtmlTemplate TC04

- Single html element with an attribute and child.
- Attribute is defined in Java after the element.
" finished-at="2023-08-18T13:50:36 BRT" duration-ms="0" status="PASS">
          <reporter-output>
          </reporter-output>
        </test-method> <!-- testCase04 -->
        <test-method signature="testCase05()[pri:0, instance:objectos.html.HtmlTemplateTest@120f102b]" started-at="2023-08-18T13:50:36 BRT" name="testCase05" description="HtmlTemplate TC05

- Nest depth=2
- self closing tag (meta)
" finished-at="2023-08-18T13:50:36 BRT" duration-ms="1" status="PASS">
          <reporter-output>
          </reporter-output>
        </test-method> <!-- testCase05 -->
        <test-method signature="testCase06()[pri:0, instance:objectos.html.HtmlTemplateTest@120f102b]" started-at="2023-08-18T13:50:36 BRT" name="testCase06" description="HtmlTemplate TC06

- Nest depth=2
- self closing tag (meta)
- with attributes
" finished-at="2023-08-18T13:50:36 BRT" duration-ms="0" status="PASS">
          <reporter-output>
          </reporter-output>
        </test-method> <!-- testCase06 -->
        <test-method signature="testCase07()[pri:0, instance:objectos.html.HtmlTemplateTest@120f102b]" started-at="2023-08-18T13:50:36 BRT" name="testCase07" description="HtmlTemplate TC07

- Siblings as children of a single html element.
" finished-at="2023-08-18T13:50:36 BRT" duration-ms="0" status="PASS">
          <reporter-output>
          </reporter-output>
        </test-method> <!-- testCase07 -->
        <test-method signature="testCase08()[pri:0, instance:objectos.html.HtmlTemplateTest@120f102b]" started-at="2023-08-18T13:50:36 BRT" name="testCase08" description="HtmlTemplate TC08

- Siblings + single attribute.
" finished-at="2023-08-18T13:50:36 BRT" duration-ms="1" status="PASS">
          <reporter-output>
          </reporter-output>
        </test-method> <!-- testCase08 -->
        <test-method signature="testCase09()[pri:0, instance:objectos.html.HtmlTemplateTest@120f102b]" started-at="2023-08-18T13:50:36 BRT" name="testCase09" description="HtmlTemplate TC09

- Siblings at root.
- Also doctype.
" finished-at="2023-08-18T13:50:36 BRT" duration-ms="1" status="PASS">
          <reporter-output>
          </reporter-output>
        </test-method> <!-- testCase09 -->
        <test-method signature="testCase10()[pri:0, instance:objectos.html.HtmlTemplateTest@120f102b]" started-at="2023-08-18T13:50:36 BRT" name="testCase10" description="HtmlTemplate TC10

- Test fragment inclusion.
" finished-at="2023-08-18T13:50:36 BRT" duration-ms="1" status="PASS">
          <reporter-output>
          </reporter-output>
        </test-method> <!-- testCase10 -->
        <test-method signature="testCase11()[pri:0, instance:objectos.html.HtmlTemplateTest@120f102b]" started-at="2023-08-18T13:50:36 BRT" name="testCase11" description="HtmlTemplate TC11

- Nested fragments.
" finished-at="2023-08-18T13:50:36 BRT" duration-ms="2" status="PASS">
          <reporter-output>
          </reporter-output>
        </test-method> <!-- testCase11 -->
        <test-method signature="testCase12()[pri:0, instance:objectos.html.HtmlTemplateTest@120f102b]" started-at="2023-08-18T13:50:36 BRT" name="testCase12" description="HtmlTemplate TC12

- Siblings fragments.
" finished-at="2023-08-18T13:50:36 BRT" duration-ms="2" status="PASS">
          <reporter-output>
          </reporter-output>
        </test-method> <!-- testCase12 -->
        <test-method signature="testCase13()[pri:0, instance:objectos.html.HtmlTemplateTest@120f102b]" started-at="2023-08-18T13:50:36 BRT" name="testCase13" description="HtmlTemplate TC13

- attributes come from another object.
" finished-at="2023-08-18T13:50:36 BRT" duration-ms="1" status="PASS">
          <reporter-output>
          </reporter-output>
        </test-method> <!-- testCase13 -->
        <test-method signature="testCase14()[pri:0, instance:objectos.html.HtmlTemplateTest@120f102b]" started-at="2023-08-18T13:50:36 BRT" name="testCase14" description="HtmlTemplate TC14

- text child element
" finished-at="2023-08-18T13:50:36 BRT" duration-ms="1" status="PASS">
          <reporter-output>
          </reporter-output>
        </test-method> <!-- testCase14 -->
        <test-method signature="testCase15()[pri:0, instance:objectos.html.HtmlTemplateTest@120f102b]" started-at="2023-08-18T13:50:36 BRT" name="testCase15" description="HtmlTemplate TC15

- text nodes + element nodes
" finished-at="2023-08-18T13:50:36 BRT" duration-ms="0" status="PASS">
          <reporter-output>
          </reporter-output>
        </test-method> <!-- testCase15 -->
        <test-method signature="testCase16()[pri:0, instance:objectos.html.HtmlTemplateTest@120f102b]" started-at="2023-08-18T13:50:36 BRT" name="testCase16" description="HtmlTemplate TC16

- attribute or element (title)
" finished-at="2023-08-18T13:50:36 BRT" duration-ms="1" status="PASS">
          <reporter-output>
          </reporter-output>
        </test-method> <!-- testCase16 -->
        <test-method signature="testCase17()[pri:0, instance:objectos.html.HtmlTemplateTest@120f102b]" started-at="2023-08-18T13:50:36 BRT" name="testCase17" description="HtmlTemplate TC17

- attribute or element (title)
" finished-at="2023-08-18T13:50:36 BRT" duration-ms="1" status="PASS">
          <reporter-output>
          </reporter-output>
        </test-method> <!-- testCase17 -->
        <test-method signature="testCase18()[pri:0, instance:objectos.html.HtmlTemplateTest@120f102b]" started-at="2023-08-18T13:50:36 BRT" name="testCase18" description="HtmlTemplate TC18

- attribute or element (title)
" finished-at="2023-08-18T13:50:36 BRT" duration-ms="1" status="PASS">
          <reporter-output>
          </reporter-output>
        </test-method> <!-- testCase18 -->
        <test-method signature="testCase19()[pri:0, instance:objectos.html.HtmlTemplateTest@120f102b]" started-at="2023-08-18T13:50:36 BRT" name="testCase19" description="HtmlTemplate TC19

- attribute or element (label)
" finished-at="2023-08-18T13:50:36 BRT" duration-ms="0" status="PASS">
          <reporter-output>
          </reporter-output>
        </test-method> <!-- testCase19 -->
        <test-method signature="testCase20()[pri:0, instance:objectos.html.HtmlTemplateTest@120f102b]" started-at="2023-08-18T13:50:36 BRT" name="testCase20" description="HtmlTemplate TC20

- include template
" finished-at="2023-08-18T13:50:36 BRT" duration-ms="2" status="PASS">
          <reporter-output>
          </reporter-output>
        </test-method> <!-- testCase20 -->
        <test-method signature="testCase21()[pri:0, instance:objectos.html.HtmlTemplateTest@120f102b]" started-at="2023-08-18T13:50:36 BRT" name="testCase21" description="HtmlTemplate TC21

- attributes come from another object.
" finished-at="2023-08-18T13:50:36 BRT" duration-ms="0" status="PASS">
          <reporter-output>
          </reporter-output>
        </test-method> <!-- testCase21 -->
        <test-method signature="testCase22()[pri:0, instance:objectos.html.HtmlTemplateTest@120f102b]" started-at="2023-08-18T13:50:36 BRT" name="testCase22" description="HtmlTemplate TC22

- multiple invocations of the same attribute
" finished-at="2023-08-18T13:50:36 BRT" duration-ms="1" status="PASS">
          <reporter-output>
          </reporter-output>
        </test-method> <!-- testCase22 -->
        <test-method signature="testCase23()[pri:0, instance:objectos.html.HtmlTemplateTest@120f102b]" started-at="2023-08-18T13:50:36 BRT" name="testCase23" description="HtmlTemplate TC23

- (to be changed) imperative API
" finished-at="2023-08-18T13:50:36 BRT" duration-ms="16" status="PASS">
          <reporter-output>
          </reporter-output>
        </test-method> <!-- testCase23 -->
        <test-method signature="testCase24()[pri:0, instance:objectos.html.HtmlTemplateTest@120f102b]" started-at="2023-08-18T13:50:36 BRT" name="testCase24" description="HtmlTemplate TC24

- escape text
" finished-at="2023-08-18T13:50:36 BRT" duration-ms="1" status="PASS">
          <reporter-output>
          </reporter-output>
        </test-method> <!-- testCase24 -->
        <test-method signature="testCase25()[pri:0, instance:objectos.html.HtmlTemplateTest@120f102b]" started-at="2023-08-18T13:50:36 BRT" name="testCase25" description="HtmlTemplate TC25

- escape text
" finished-at="2023-08-18T13:50:36 BRT" duration-ms="0" status="PASS">
          <reporter-output>
          </reporter-output>
        </test-method> <!-- testCase25 -->
        <test-method signature="testCase26()[pri:0, instance:objectos.html.HtmlTemplateTest@120f102b]" started-at="2023-08-18T13:50:36 BRT" name="testCase26" description="HtmlTemplate TC26

- multi-level include
" finished-at="2023-08-18T13:50:36 BRT" duration-ms="2" status="PASS">
          <reporter-output>
          </reporter-output>
        </test-method> <!-- testCase26 -->
        <test-method signature="testCase27()[pri:0, instance:objectos.html.HtmlTemplateTest@120f102b]" started-at="2023-08-18T13:50:36 BRT" name="testCase27" description="HtmlTemplate TC27

- raw text
" finished-at="2023-08-18T13:50:36 BRT" duration-ms="0" status="PASS">
          <reporter-output>
          </reporter-output>
        </test-method> <!-- testCase27 -->
        <test-method signature="testCase28()[pri:0, instance:objectos.html.HtmlTemplateTest@120f102b]" started-at="2023-08-18T13:50:36 BRT" name="testCase28" description="HtmlTemplate TC28

- svg element (1)
" finished-at="2023-08-18T13:50:36 BRT" duration-ms="1" status="PASS">
          <reporter-output>
          </reporter-output>
        </test-method> <!-- testCase28 -->
        <test-method signature="testCase29()[pri:0, instance:objectos.html.HtmlTemplateTest@120f102b]" started-at="2023-08-18T13:50:36 BRT" name="testCase29" description="HtmlTemplate TC29

- svg element (2)
" finished-at="2023-08-18T13:50:36 BRT" duration-ms="2" status="PASS">
          <reporter-output>
          </reporter-output>
        </test-method> <!-- testCase29 -->
        <test-method signature="testCase30()[pri:0, instance:objectos.html.HtmlTemplateTest@120f102b]" started-at="2023-08-18T13:50:36 BRT" name="testCase30" description="HtmlTemplate TC30

- script + raw text
" finished-at="2023-08-18T13:50:36 BRT" duration-ms="1" status="PASS">
          <reporter-output>
          </reporter-output>
        </test-method> <!-- testCase30 -->
        <test-method signature="testCase31()[pri:0, instance:objectos.html.HtmlTemplateTest@120f102b]" started-at="2023-08-18T13:50:36 BRT" name="testCase31" description="HtmlTemplate TC31

- email input
" finished-at="2023-08-18T13:50:36 BRT" duration-ms="1" status="PASS">
          <reporter-output>
          </reporter-output>
        </test-method> <!-- testCase31 -->
        <test-method signature="testCase32()[pri:0, instance:objectos.html.HtmlTemplateTest@120f102b]" started-at="2023-08-18T13:50:36 BRT" name="testCase32" description="HtmlTemplate TC32

- pathName + href interaction
" finished-at="2023-08-18T13:50:36 BRT" duration-ms="0" status="PASS">
          <reporter-output>
          </reporter-output>
        </test-method> <!-- testCase32 -->
        <test-method signature="testCase34()[pri:0, instance:objectos.html.HtmlTemplateTest@120f102b]" started-at="2023-08-18T13:50:36 BRT" name="testCase34" description="HtmlTemplate TC34

- allow attributeOrElement in the root of lambda
" finished-at="2023-08-18T13:50:36 BRT" duration-ms="1" status="PASS">
          <reporter-output>
          </reporter-output>
        </test-method> <!-- testCase34 -->
        <test-method signature="testCase35()[pri:0, instance:objectos.html.HtmlTemplateTest@120f102b]" started-at="2023-08-18T13:50:36 BRT" name="testCase35" description="HtmlTemplate TC35

- support noop() instruction
" finished-at="2023-08-18T13:50:36 BRT" duration-ms="1" status="PASS">
          <reporter-output>
          </reporter-output>
        </test-method> <!-- testCase35 -->
        <test-method signature="testCase36()[pri:0, instance:objectos.html.HtmlTemplateTest@120f102b]" started-at="2023-08-18T13:50:36 BRT" name="testCase36" description="HtmlTemplate TC36

- the `className` instruction
" finished-at="2023-08-18T13:50:36 BRT" duration-ms="1" status="PASS">
          <reporter-output>
          </reporter-output>
        </test-method> <!-- testCase36 -->
        <test-method signature="testCase37()[pri:0, instance:objectos.html.HtmlTemplateTest@120f102b]" started-at="2023-08-18T13:50:36 BRT" name="testCase37" description="HtmlTemplate TC37

- two consecutive input elements
" finished-at="2023-08-18T13:50:36 BRT" duration-ms="1" status="PASS">
          <reporter-output>
          </reporter-output>
        </test-method> <!-- testCase37 -->
        <test-method signature="testCase38()[pri:0, instance:objectos.html.HtmlTemplateTest@120f102b]" started-at="2023-08-18T13:50:36 BRT" name="testCase38" description="HtmlTemplate TC38

- 12 attribute values
" finished-at="2023-08-18T13:50:36 BRT" duration-ms="0" status="PASS">
          <reporter-output>
          </reporter-output>
        </test-method> <!-- testCase38 -->
        <test-method signature="testCase39()[pri:0, instance:objectos.html.HtmlTemplateTest@120f102b]" started-at="2023-08-18T13:50:36 BRT" name="testCase39" description="HtmlTemplate TC39

- attribute value escaping
" finished-at="2023-08-18T13:50:36 BRT" duration-ms="1" status="PASS">
          <reporter-output>
          </reporter-output>
        </test-method> <!-- testCase39 -->
        <test-method signature="testCase40()[pri:0, instance:objectos.html.HtmlTemplateTest@120f102b]" started-at="2023-08-18T13:50:36 BRT" name="testCase40" description="HtmlTemplate TC40

- text in lambda
" finished-at="2023-08-18T13:50:36 BRT" duration-ms="1" status="PASS">
          <reporter-output>
          </reporter-output>
        </test-method> <!-- testCase40 -->
        <test-method signature="testCase41()[pri:0, instance:objectos.html.HtmlTemplateTest@120f102b]" started-at="2023-08-18T13:50:36 BRT" name="testCase41" description="HtmlTemplate TC41

- raw in lambda
" finished-at="2023-08-18T13:50:36 BRT" duration-ms="1" status="PASS">
          <reporter-output>
          </reporter-output>
        </test-method> <!-- testCase41 -->
        <test-method signature="testCase42()[pri:0, instance:objectos.html.HtmlTemplateTest@120f102b]" started-at="2023-08-18T13:50:36 BRT" name="testCase42" finished-at="2023-08-18T13:50:36 BRT" duration-ms="1" status="PASS">
          <reporter-output>
          </reporter-output>
        </test-method> <!-- testCase42 -->
        <test-method signature="testCase43()[pri:0, instance:objectos.html.HtmlTemplateTest@120f102b]" started-at="2023-08-18T13:50:36 BRT" name="testCase43" finished-at="2023-08-18T13:50:36 BRT" duration-ms="1" status="PASS">
          <reporter-output>
          </reporter-output>
        </test-method> <!-- testCase43 -->
        <test-method signature="testCase44()[pri:0, instance:objectos.html.HtmlTemplateTest@120f102b]" started-at="2023-08-18T13:50:36 BRT" name="testCase44" finished-at="2023-08-18T13:50:36 BRT" duration-ms="2" status="PASS">
          <reporter-output>
          </reporter-output>
        </test-method> <!-- testCase44 -->
        <test-method signature="testCase45()[pri:0, instance:objectos.html.HtmlTemplateTest@120f102b]" started-at="2023-08-18T13:50:36 BRT" name="testCase45" finished-at="2023-08-18T13:50:36 BRT" duration-ms="3" status="PASS">
          <reporter-output>
          </reporter-output>
        </test-method> <!-- testCase45 -->
        <test-method signature="testCase46()[pri:0, instance:objectos.html.HtmlTemplateTest@120f102b]" started-at="2023-08-18T13:50:36 BRT" name="testCase46" description="HtmlTemplate TC46

- flatten instruction
" finished-at="2023-08-18T13:50:36 BRT" duration-ms="1" status="PASS">
          <reporter-output>
          </reporter-output>
        </test-method> <!-- testCase46 -->
      </class> <!-- objectos.html.HtmlTemplateTest -->
      <class name="objectos.html.tmpl.StandardElementNameTest">
        <test-method signature="canBeEncoded_WithSingleByte()[pri:0, instance:objectos.html.tmpl.StandardElementNameTest@625732]" started-at="2023-08-18T13:50:36 BRT" name="canBeEncoded_WithSingleByte" finished-at="2023-08-18T13:50:36 BRT" duration-ms="1" status="PASS">
          <reporter-output>
          </reporter-output>
        </test-method> <!-- canBeEncoded_WithSingleByte -->
      </class> <!-- objectos.html.tmpl.StandardElementNameTest -->
    </test> <!-- Surefire test -->
  </suite> <!-- Surefire suite -->
</testng-results>
