<?xml version="1.0" encoding="UTF-8"?>
<testsuite xmlns:xsi="http://www.w3.org/2001/XMLSchema-instance" xsi:noNamespaceSchemaLocation="https://maven.apache.org/surefire/maven-surefire-plugin/xsd/surefire-test-report-3.0.xsd" version="3.0" name="TestSuite" time="1.242" tests="91" errors="0" skipped="0" failures="0">
  <properties>
[...]
</properties>
  <testcase name="testCase00" classname="objectos.html.internal.HtmlCompiler01Test" time="0.011"/>
  <testcase name="testCase01" classname="objectos.html.internal.HtmlCompiler01Test" time="0.027"/>
  <testcase name="testCase02" classname="objectos.html.internal.HtmlCompiler01Test" time="0.0"/>
  <testcase name="testCase03" classname="objectos.html.internal.HtmlCompiler01Test" time="0.001"/>
  <testcase name="testCase09" classname="objectos.html.internal.HtmlCompiler01Test" time="0.001"/>
  <testcase name="testCase10" classname="objectos.html.internal.HtmlCompiler01Test" time="0.002"/>
  <testcase name="testCase13" classname="objectos.html.internal.HtmlCompiler01Test" time="0.0"/>
  <testcase name="testCase14" classname="objectos.html.internal.HtmlCompiler01Test" time="0.001"/>
  <testcase name="testCase16" classname="objectos.html.internal.HtmlCompiler01Test" time="0.0"/>
  <testcase name="testCase20" classname="objectos.html.internal.HtmlCompiler01Test" time="0.002"/>
  <testcase name="testCase25" classname="objectos.html.internal.HtmlCompiler01Test" time="0.0"/>
  <testcase name="testCase31" classname="objectos.html.internal.HtmlCompiler01Test" time="0.001"/>
  <testcase name="testCase46" classname="objectos.html.internal.HtmlCompiler01Test" time="0.001"/>
  <testcase name="testCase47" classname="objectos.html.internal.HtmlCompiler01Test" time="0.001"/>
  <testcase name="testCase00" classname="objectos.html.internal.HtmlCompiler02Test" time="0.001"/>
  <testcase name="testCase01" classname="objectos.html.internal.HtmlCompiler02Test" time="0.001"/>
  <testcase name="testCase02" classname="objectos.html.internal.HtmlCompiler02Test" time="0.0"/>
  <testcase name="testCase03" classname="objectos.html.internal.HtmlCompiler02Test" time="0.001"/>
  <testcase name="testCase09" classname="objectos.html.internal.HtmlCompiler02Test" time="0.0"/>
  <testcase name="testCase10" classname="objectos.html.internal.HtmlCompiler02Test" time="0.002"/>
  <testcase name="testCase13" classname="objectos.html.internal.HtmlCompiler02Test" time="0.0"/>
  <testcase name="testCase14" classname="objectos.html.internal.HtmlCompiler02Test" time="0.001"/>
  <testcase name="testCase16" classname="objectos.html.internal.HtmlCompiler02Test" time="0.0"/>
  <testcase name="testCase20" classname="objectos.html.internal.HtmlCompiler02Test" time="0.001"/>
  <testcase name="testCase25" classname="objectos.html.internal.HtmlCompiler02Test" time="0.001"/>
  <testcase name="testCase31" classname="objectos.html.internal.HtmlCompiler02Test" time="0.0"/>
  <testcase name="testCase46" classname="objectos.html.internal.HtmlCompiler02Test" time="0.0"/>
  <testcase name="testCase01" classname="objectos.html.internal.InternalCompiledHtmlTest" time="0.004"/>
  <testcase name="testCase02" classname="objectos.html.internal.InternalCompiledHtmlTest" time="0.0"/>
  <testcase name="testCase03" classname="objectos.html.internal.InternalCompiledHtmlTest" time="0.001"/>
  <testcase name="testCase04" classname="objectos.html.internal.InternalCompiledHtmlTest" time="0.001"/>
  <testcase name="testCase05" classname="objectos.html.internal.InternalCompiledHtmlTest" time="0.001"/>
  <testcase name="testCase06" classname="objectos.html.internal.InternalCompiledHtmlTest" time="0.001"/>
  <testcase name="testCase07" classname="objectos.html.internal.InternalCompiledHtmlTest" time="0.001"/>
  <testcase name="testCase08" classname="objectos.html.internal.InternalCompiledHtmlTest" time="0.0"/>
  <testcase name="testCase09" classname="objectos.html.internal.InternalCompiledHtmlTest" time="0.001"/>
  <testcase name="testCase10" classname="objectos.html.internal.InternalCompiledHtmlTest" time="0.001"/>
  <testcase name="processHrefTC01" classname="objectos.html.internal.HtmlPlayerTest" time="0.001"/>
  <testcase name="processHrefTC02" classname="objectos.html.internal.HtmlPlayerTest" time="0.0"/>
  <testcase name="processHrefTC03" classname="objectos.html.internal.HtmlPlayerTest" time="0.001"/>
  <testcase name="pathName" classname="objectos.html.internal.ValidateTest" time="0.001"/>
  <testcase name="writeAttributeValue" classname="objectos.html.internal.WriterTest" time="0.002"/>
  <testcase name="writeText" classname="objectos.html.internal.WriterTest" time="0.0"/>
  <testcase name="testCase00" classname="objectos.html.HtmlTemplateTest" time="0.001"/>
  <testcase name="testCase01" classname="objectos.html.HtmlTemplateTest" time="0.001"/>
  <testcase name="testCase02" classname="objectos.html.HtmlTemplateTest" time="0.001"/>
  <testcase name="testCase03" classname="objectos.html.HtmlTemplateTest" time="0.0"/>
  <testcase name="testCase04" classname="objectos.html.HtmlTemplateTest" time="0.001"/>
  <testcase name="testCase05" classname="objectos.html.HtmlTemplateTest" time="0.0"/>
  <testcase name="testCase06" classname="objectos.html.HtmlTemplateTest" time="0.0"/>
  <testcase name="testCase07" classname="objectos.html.HtmlTemplateTest" time="0.001"/>
  <testcase name="testCase08" classname="objectos.html.HtmlTemplateTest" time="0.001"/>
  <testcase name="testCase09" classname="objectos.html.HtmlTemplateTest" time="0.0"/>
  <testcase name="testCase10" classname="objectos.html.HtmlTemplateTest" time="0.001"/>
  <testcase name="testCase11" classname="objectos.html.HtmlTemplateTest" time="0.002"/>
  <testcase name="testCase12" classname="objectos.html.HtmlTemplateTest" time="0.002"/>
  <testcase name="testCase13" classname="objectos.html.HtmlTemplateTest" time="0.001"/>
  <testcase name="testCase14" classname="objectos.html.HtmlTemplateTest" time="0.001"/>
  <testcase name="testCase15" classname="objectos.html.HtmlTemplateTest" time="0.001"/>
  <testcase name="testCase16" classname="objectos.html.HtmlTemplateTest" time="0.001"/>
  <testcase name="testCase17" classname="objectos.html.HtmlTemplateTest" time="0.0"/>
  <testcase name="testCase18" classname="objectos.html.HtmlTemplateTest" time="0.001"/>
  <testcase name="testCase19" classname="objectos.html.HtmlTemplateTest" time="0.001"/>
  <testcase name="testCase20" classname="objectos.html.HtmlTemplateTest" time="0.001"/>
  <testcase name="testCase21" classname="objectos.html.HtmlTemplateTest" time="0.001"/>
  <testcase name="testCase22" classname="objectos.html.HtmlTemplateTest" time="0.002"/>
  <testcase name="testCase23" classname="objectos.html.HtmlTemplateTest" time="0.016"/>
  <testcase name="testCase24" classname="objectos.html.HtmlTemplateTest" time="0.001"/>
  <testcase name="testCase25" classname="objectos.html.HtmlTemplateTest" time="0.001"/>
  <testcase name="testCase26" classname="objectos.html.HtmlTemplateTest" time="0.002"/>
  <testcase name="testCase27" classname="objectos.html.HtmlTemplateTest" time="0.002"/>
  <testcase name="testCase28" classname="objectos.html.HtmlTemplateTest" time="0.0"/>
  <testcase name="testCase29" classname="objectos.html.HtmlTemplateTest" time="0.002"/>
  <testcase name="testCase30" classname="objectos.html.HtmlTemplateTest" time="0.001"/>
  <testcase name="testCase31" classname="objectos.html.HtmlTemplateTest" time="0.001"/>
  <testcase name="testCase32" classname="objectos.html.HtmlTemplateTest" time="0.001"/>
  <testcase name="testCase34" classname="objectos.html.HtmlTemplateTest" time="0.002"/>
  <testcase name="testCase35" classname="objectos.html.HtmlTemplateTest" time="0.002"/>
  <testcase name="testCase36" classname="objectos.html.HtmlTemplateTest" time="0.001"/>
  <testcase name="testCase37" classname="objectos.html.HtmlTemplateTest" time="0.0"/>
  <testcase name="testCase38" classname="objectos.html.HtmlTemplateTest" time="0.001"/>
  <testcase name="testCase39" classname="objectos.html.HtmlTemplateTest" time="0.001"/>
  <testcase name="testCase40" classname="objectos.html.HtmlTemplateTest" time="0.002"/>
  <testcase name="testCase41" classname="objectos.html.HtmlTemplateTest" time="0.002"/>
  <testcase name="testCase42" classname="objectos.html.HtmlTemplateTest" time="0.001"/>
  <testcase name="testCase43" classname="objectos.html.HtmlTemplateTest" time="0.001"/>
  <testcase name="testCase44" classname="objectos.html.HtmlTemplateTest" time="0.002"/>
  <testcase name="testCase45" classname="objectos.html.HtmlTemplateTest" time="0.004"/>
  <testcase name="testCase46" classname="objectos.html.HtmlTemplateTest" time="0.001"/>
  <testcase name="canBeEncoded_WithSingleByte" classname="objectos.html.tmpl.StandardElementNameTest" time="0.001"/>
  <testcase name="canBeEncoded_WithSingleByte" classname="objectos.html.tmpl.StandardAttributeNameTest" time="0.0"/>
</testsuite>