<?xml version="1.0" encoding="UTF-8"?>
<!-- Generated by org.testng.reporters.JUnitXMLReporter -->
<testsuite ignored="0" hostname="eto001" failures="0" tests="80" name="Surefire test" time="0.959" errors="0" timestamp="2023-08-18T13:50:27 BRT">
  <testcase classname="objectos.selfgen.css.spec.KeywordClassStepTest" name="execute" time="0.061"/>
  <testcase classname="objectos.selfgen.css.spec.PseudoClassSelectorsGenTest" name="generateJavaFile" time="0.017"/>
  <testcase classname="objectos.selfgen.css.spec.AngleUnitStepTest" name="execute" time="0.006"/>
  <testcase classname="objectos.selfgen.css.spec.FunctionInterfaceStepTest" name="execute" time="0.012"/>
  <testcase classname="objectos.selfgen.css.spec.KeywordsClassStepTest" name="execute" time="0.018"/>
  <testcase classname="objectos.selfgen.css.spec.PseudoElementSelectorsGenTest" name="generateJavaFile" time="0.002"/>
  <testcase classname="objectos.selfgen.css.spec.LengthUnitStepTest" name="execute" time="0.006"/>
  <testcase classname="objectos.selfgen.css.spec.GeneratedColorStepTest" name="execute" time="0.021"/>
  <testcase classname="objectos.selfgen.css.spec.StandardPropertyNameStepTest" name="execute" time="0.029"/>
  <testcase classname="objectos.selfgen.css.spec.GeneratedStyleSheetStepTest" name="execute" time="0.032"/>
  <testcase classname="objectos.selfgen.css.spec.PrimitiveTypeStepTest" name="execute" time="0.003"/>
  <testcase classname="objectos.selfgen.css.spec.StandardFunctionNameStepTest" name="execute" time="0.016"/>
  <testcase classname="objectos.selfgen.css.spec.ValueTypeIfaceStepTest" name="execute" time="0.005"/>
  <testcase classname="objectos.selfgen.css.spec.TypeSelectorsGenTest" name="generateJavaFile" time="0.003"/>
  <testcase classname="objectos.selfgen.css.select.PrefixTest" name="parse" time="0.004"/>
  <testcase classname="objectos.selfgen.css.select.PrefixTest" name="parse" time="0.0"/>
  <testcase classname="objectos.selfgen.css.select.PrefixTest" name="parse" time="0.001"/>
  <testcase classname="objectos.selfgen.css.select.PrefixTest" name="parse" time="0.0"/>
  <testcase classname="objectos.selfgen.css.select.PrefixTest" name="parse" time="0.0"/>
  <testcase classname="objectos.selfgen.css.select.PrefixTest" name="parse" time="0.0"/>
  <testcase classname="objectos.selfgen.css2.util.CssUtilSelfGen06Test" name="all" time="0.002"/>
  <testcase classname="objectos.selfgen.css2.util.CssUtilSelfGen06Test" name="framework" time="0.001"/>
  <testcase classname="objectos.selfgen.css2.util.CssUtilSelfGen03Test" name="all" time="0.001"/>
  <testcase classname="objectos.selfgen.css2.util.CssUtilSelfGen03Test" name="framework" time="0.001"/>
  <testcase classname="objectos.selfgen.css2.util.CssUtilSelfGen04Test" name="all" time="0.0"/>
  <testcase classname="objectos.selfgen.css2.util.CssUtilSelfGen04Test" name="framework" time="0.0"/>
  <testcase classname="objectos.selfgen.css2.util.CssUtilSelfGen05Test" name="all" time="0.0"/>
  <testcase classname="objectos.selfgen.css2.util.CssUtilSelfGen05Test" name="framework" time="0.001"/>
  <testcase classname="objectos.selfgen.css2.util.CssUtilSelfGen02Test" name="all" time="0.001"/>
  <testcase classname="objectos.selfgen.css2.util.CssUtilSelfGen02Test" name="framework" time="0.0"/>
  <testcase classname="objectos.selfgen.css2.util.CssUtilSelfGen01Test" name="all" time="0.001"/>
  <testcase classname="objectos.selfgen.css2.util.CssUtilSelfGen01Test" name="framework" time="0.0"/>
  <testcase classname="objectos.selfgen.css2.util.CssUtilSelfGen01Test" name="large" time="0.001"/>
  <testcase classname="objectos.selfgen.css2.LengthUnitStepTest" name="all" time="0.001"/>
  <testcase classname="objectos.selfgen.css2.SelectorNameTest" name="ofPseudoClassSelector" time="0.001"/>
  <testcase classname="objectos.selfgen.css2.SelectorNameTest" name="ofPseudoElementSelector" time="0.001"/>
  <testcase classname="objectos.selfgen.css2.SelectorNameTest" name="ofPseudoElementSelectorWebkit" time="0.001"/>
  <testcase classname="objectos.selfgen.css2.SelectorNameTest" name="ofTypeSelector" time="0.001"/>
  <testcase classname="objectos.selfgen.css2.CssSelfGen15SignatureStringTest" name="generatedCssTemplate" time="0.001"/>
  <testcase classname="objectos.selfgen.css2.CssSelfGen03PercentageTypeTest" name="generatedCssTemplate" time="0.001"/>
  <testcase classname="objectos.selfgen.css2.CssSelfGen16BoxShadowTest" name="generatedCssTemplate" time="0.0"/>
  <testcase classname="objectos.selfgen.css2.CssSelfGen07ValueTypeInValueTypeTest" name="generatedCssTemplate" time="0.001"/>
  <testcase classname="objectos.selfgen.css2.CssSelfGen01BorderColorTest" name="generatedColor" time="0.001"/>
  <testcase classname="objectos.selfgen.css2.CssSelfGen01BorderColorTest" name="generatedCssTemplate" time="0.0"/>
  <testcase classname="objectos.selfgen.css2.CssSelfGen01BorderColorTest" name="property" time="0.001"/>
  <testcase classname="objectos.selfgen.css2.CssSelfGen00Test" name="propertyBorderWidth" time="0.011"/>
  <testcase classname="objectos.selfgen.css2.CssSelfGen00Test" name="selectors01" time="0.009"/>
  <testcase classname="objectos.selfgen.css2.ColorNameTest" name="transparent" time="0.001"/>
  <testcase classname="objectos.selfgen.css2.CssSelfGen11Value2AndValue3SigsTest" name="generatedCssTemplate" time="0.001"/>
  <testcase classname="objectos.selfgen.css2.CssSelfGen14UrlTypeTest" name="generatedCssTemplate" time="0.001"/>
  <testcase classname="objectos.selfgen.css2.KeywordNameTest" name="of" time="0.0"/>
  <testcase classname="objectos.selfgen.css2.CssSelfGen09StringLiteralTest" name="generatedCssTemplate" time="0.0"/>
  <testcase classname="objectos.selfgen.css2.CssSelfGen01JavaKeywordNameClashTest" name="generatedCssTemplate" time="0.001"/>
  <testcase classname="objectos.selfgen.css2.CssSelfGen13KeywordAsParameterTypeTest" name="generatedCssTemplate" time="0.001"/>
  <testcase classname="objectos.selfgen.css2.CssSelfGen10KeywordSelectorNameClashTest" name="generatedCssTemplate" time="0.0"/>
  <testcase classname="objectos.selfgen.css2.StandardNameTest" name="all" time="0.0"/>
  <testcase classname="objectos.selfgen.css2.CssSelfGen08MultiPropertyKeywordTest" name="generatedCssTemplate" time="0.001"/>
  <testcase classname="objectos.selfgen.css2.CssSelfGen02NumberTypeTest" name="generatedCssTemplate" time="0.0"/>
  <testcase classname="objectos.selfgen.css2.CssSelfGen17GridTemplateColumnsTest" name="api" time="0.001"/>
  <testcase classname="objectos.selfgen.css2.CssSelfGen17GridTemplateColumnsTest" name="generatedCssTemplate" time="0.0"/>
  <testcase classname="objectos.selfgen.css2.CssSelfGen12CustomSignatureTest" name="generatedCssTemplate" time="0.0"/>
  <testcase classname="objectos.selfgen.css2.StandardSelectorStepTest" name="pseudoClass" time="0.001"/>
  <testcase classname="objectos.selfgen.css2.StandardSelectorStepTest" name="pseudoElement" time="0.0"/>
  <testcase classname="objectos.selfgen.css2.StandardSelectorStepTest" name="type" time="0.0"/>
  <testcase classname="objectos.selfgen.css2.GeneratedCssTemplateStepTest" name="all" time="0.011"/>
  <testcase classname="objectos.selfgen.css2.GeneratedCssTemplateStepTest" name="borderWidth" time="0.007"/>
  <testcase classname="objectos.selfgen.css2.GeneratedCssTemplateStepTest" name="selectors01" time="0.01"/>
  <testcase classname="objectos.selfgen.html.InternalInstructionStepTest" name="execute" time="0.009"/>
  <testcase classname="objectos.selfgen.html.GeneratedHtmlTemplateStepTest" name="execute" time="0.005"/>
  <testcase classname="objectos.selfgen.html.StandardAttributeNameStepTest" name="execute" time="0.004"/>
  <testcase classname="objectos.selfgen.html.StandardElementNameStepTest" name="execute" time="0.002"/>
  <testcase classname="objectos.selfgen.html.SpecDslTest" name="category_createCategoryAndAddElements" time="0.011"/>
  <testcase classname="objectos.selfgen.html.SpecDslTest" name="element_addCategoryAsContentModel" time="0.003"/>
  <testcase classname="objectos.selfgen.html.SpecDslTest" name="element_formCanHaveFlowContentExceptForForms" time="0.002"/>
  <testcase classname="objectos.selfgen.html.SpecDslTest" name="text_withCategory" time="0.002"/>
  <testcase classname="objectos.selfgen.html.InstructionIfaceStepTest" name="execute" time="0.006"/>
  <testcase classname="objectos.selfgen.html.AttributeSpecTest" name="classAttribute" time="0.001"/>
  <testcase classname="objectos.selfgen.html.AttributeSpecTest" name="hiddenAttribute" time="0.0"/>
  <testcase classname="objectos.selfgen.html.AttributeSpecTest" name="hrefAttribute" time="0.001"/>
  <testcase classname="objectos.selfgen.html.AttributeSpecTest" name="idAttribute" time="0.001"/>
</testsuite> <!-- Surefire test -->
