<?xml version="1.0" encoding="UTF-8"?>
<!-- Generated by org.testng.reporters.JUnitXMLReporter -->
<testsuite ignored="1" hostname="eto001" failures="0" tests="91" name="Surefire test" time="0.282" errors="0" timestamp="2023-08-18T13:50:36 BRT">
  <testcase classname="objectos.html.internal.HtmlCompiler01Test" name="testCase00" time="0.013"/>
  <testcase classname="objectos.html.internal.HtmlCompiler01Test" name="testCase01" time="0.028"/>
  <testcase classname="objectos.html.internal.HtmlCompiler01Test" name="testCase02" time="0.001"/>
  <testcase classname="objectos.html.internal.HtmlCompiler01Test" name="testCase03" time="0.0"/>
  <testcase classname="objectos.html.internal.HtmlCompiler01Test" name="testCase09" time="0.0"/>
  <testcase classname="objectos.html.internal.HtmlCompiler01Test" name="testCase10" time="0.002"/>
  <testcase classname="objectos.html.internal.HtmlCompiler01Test" name="testCase13" time="0.001"/>
  <testcase classname="objectos.html.internal.HtmlCompiler01Test" name="testCase14" time="0.0"/>
  <testcase classname="objectos.html.internal.HtmlCompiler01Test" name="testCase16" time="0.003"/>
  <testcase classname="objectos.html.internal.HtmlCompiler01Test" name="testCase20" time="0.003"/>
  <testcase classname="objectos.html.internal.HtmlCompiler01Test" name="testCase25" time="0.001"/>
  <testcase classname="objectos.html.internal.HtmlCompiler01Test" name="testCase31" time="0.0"/>
  <testcase classname="objectos.html.internal.HtmlCompiler01Test" name="testCase46" time="0.0"/>
  <testcase classname="objectos.html.internal.HtmlCompiler01Test" name="testCase47" time="0.001"/>
  <testcase classname="objectos.html.internal.HtmlCompiler02Test" name="testCase00" time="0.001"/>
  <testcase classname="objectos.html.internal.HtmlCompiler02Test" name="testCase01" time="0.001"/>
  <testcase classname="objectos.html.internal.HtmlCompiler02Test" name="testCase02" time="0.001"/>
  <testcase classname="objectos.html.internal.HtmlCompiler02Test" name="testCase03" time="0.001"/>
  <testcase classname="objectos.html.internal.HtmlCompiler02Test" name="testCase09" time="0.001"/>
  <testcase classname="objectos.html.internal.HtmlCompiler02Test" name="testCase10" time="0.001"/>
  <testcase classname="objectos.html.internal.HtmlCompiler02Test" name="testCase13" time="0.001"/>
  <testcase classname="objectos.html.internal.HtmlCompiler02Test" name="testCase14" time="0.002"/>
  <testcase classname="objectos.html.internal.HtmlCompiler02Test" name="testCase16" time="0.001"/>
  <testcase classname="objectos.html.internal.HtmlCompiler02Test" name="testCase20" time="0.0"/>
  <testcase classname="objectos.html.internal.HtmlCompiler02Test" name="testCase25" time="0.0"/>
  <testcase classname="objectos.html.internal.HtmlCompiler02Test" name="testCase31" time="0.001"/>
  <testcase classname="objectos.html.internal.HtmlCompiler02Test" name="testCase46" time="0.001"/>
  <testcase classname="objectos.html.internal.InternalCompiledHtmlTest" name="testCase01" time="0.003"/>
  <testcase classname="objectos.html.internal.InternalCompiledHtmlTest" name="testCase02" time="0.001"/>
  <testcase classname="objectos.html.internal.InternalCompiledHtmlTest" name="testCase03" time="0.0"/>
  <testcase classname="objectos.html.internal.InternalCompiledHtmlTest" name="testCase04" time="0.001"/>
  <testcase classname="objectos.html.internal.InternalCompiledHtmlTest" name="testCase05" time="0.0"/>
  <testcase classname="objectos.html.internal.InternalCompiledHtmlTest" name="testCase06" time="0.001"/>
  <testcase classname="objectos.html.internal.InternalCompiledHtmlTest" name="testCase07" time="0.0"/>
  <testcase classname="objectos.html.internal.InternalCompiledHtmlTest" name="testCase08" time="0.001"/>
  <testcase classname="objectos.html.internal.InternalCompiledHtmlTest" name="testCase09" time="0.001"/>
  <testcase classname="objectos.html.internal.InternalCompiledHtmlTest" name="testCase10" time="0.001"/>
  <testcase classname="objectos.html.internal.HtmlPlayerTest" name="processHrefTC01" time="0.001"/>
  <testcase classname="objectos.html.internal.HtmlPlayerTest" name="processHrefTC02" time="0.001"/>
  <testcase classname="objectos.html.internal.HtmlPlayerTest" name="processHrefTC03" time="0.0"/>
  <testcase classname="objectos.html.internal.ValidateTest" name="pathName" time="0.001"/>
  <testcase classname="objectos.html.internal.WriterTest" name="writeAttributeValue" time="0.001"/>
  <testcase classname="objectos.html.internal.WriterTest" name="writeText" time="0.001"/>
  <testcase classname="objectos.html.HtmlTemplateTest" name="testCase00" time="0.001"/>
  <testcase classname="objectos.html.HtmlTemplateTest" name="testCase01" time="0.0"/>
  <testcase classname="objectos.html.HtmlTemplateTest" name="testCase02" time="0.001"/>
  <testcase classname="objectos.html.HtmlTemplateTest" name="testCase03" time="0.001"/>
  <testcase classname="objectos.html.HtmlTemplateTest" name="testCase04" time="0.0"/>
  <testcase classname="objectos.html.HtmlTemplateTest" name="testCase05" time="0.001"/>
  <testcase classname="objectos.html.HtmlTemplateTest" name="testCase06" time="0.0"/>
  <testcase classname="objectos.html.HtmlTemplateTest" name="testCase07" time="0.0"/>
  <testcase classname="objectos.html.HtmlTemplateTest" name="testCase08" time="0.001"/>
  <testcase classname="objectos.html.HtmlTemplateTest" name="testCase09" time="0.001"/>
  <testcase classname="objectos.html.HtmlTemplateTest" name="testCase10" time="0.001"/>
  <testcase classname="objectos.html.HtmlTemplateTest" name="testCase11" time="0.002"/>
  <testcase classname="objectos.html.HtmlTemplateTest" name="testCase12" time="0.002"/>
  <testcase classname="objectos.html.HtmlTemplateTest" name="testCase13" time="0.001"/>
  <testcase classname="objectos.html.HtmlTemplateTest" name="testCase14" time="0.001"/>
  <testcase classname="objectos.html.HtmlTemplateTest" name="testCase15" time="0.0"/>
  <testcase classname="objectos.html.HtmlTemplateTest" name="testCase16" time="0.001"/>
  <testcase classname="objectos.html.HtmlTemplateTest" name="testCase17" time="0.001"/>
  <testcase classname="objectos.html.HtmlTemplateTest" name="testCase18" time="0.001"/>
  <testcase classname="objectos.html.HtmlTemplateTest" name="testCase19" time="0.0"/>
  <testcase classname="objectos.html.HtmlTemplateTest" name="testCase20" time="0.002"/>
  <testcase classname="objectos.html.HtmlTemplateTest" name="testCase21" time="0.0"/>
  <testcase classname="objectos.html.HtmlTemplateTest" name="testCase22" time="0.001"/>
  <testcase classname="objectos.html.HtmlTemplateTest" name="testCase23" time="0.016"/>
  <testcase classname="objectos.html.HtmlTemplateTest" name="testCase24" time="0.001"/>
  <testcase classname="objectos.html.HtmlTemplateTest" name="testCase25" time="0.0"/>
  <testcase classname="objectos.html.HtmlTemplateTest" name="testCase26" time="0.002"/>
  <testcase classname="objectos.html.HtmlTemplateTest" name="testCase27" time="0.0"/>
  <testcase classname="objectos.html.HtmlTemplateTest" name="testCase28" time="0.001"/>
  <testcase classname="objectos.html.HtmlTemplateTest" name="testCase29" time="0.002"/>
  <testcase classname="objectos.html.HtmlTemplateTest" name="testCase30" time="0.001"/>
  <testcase classname="objectos.html.HtmlTemplateTest" name="testCase31" time="0.001"/>
  <testcase classname="objectos.html.HtmlTemplateTest" name="testCase32" time="0.0"/>
  <testcase classname="objectos.html.HtmlTemplateTest" name="testCase34" time="0.001"/>
  <testcase classname="objectos.html.HtmlTemplateTest" name="testCase35" time="0.001"/>
  <testcase classname="objectos.html.HtmlTemplateTest" name="testCase36" time="0.001"/>
  <testcase classname="objectos.html.HtmlTemplateTest" name="testCase37" time="0.001"/>
  <testcase classname="objectos.html.HtmlTemplateTest" name="testCase38" time="0.0"/>
  <testcase classname="objectos.html.HtmlTemplateTest" name="testCase39" time="0.001"/>
  <testcase classname="objectos.html.HtmlTemplateTest" name="testCase40" time="0.001"/>
  <testcase classname="objectos.html.HtmlTemplateTest" name="testCase41" time="0.001"/>
  <testcase classname="objectos.html.HtmlTemplateTest" name="testCase42" time="0.001"/>
  <testcase classname="objectos.html.HtmlTemplateTest" name="testCase43" time="0.001"/>
  <testcase classname="objectos.html.HtmlTemplateTest" name="testCase44" time="0.002"/>
  <testcase classname="objectos.html.HtmlTemplateTest" name="testCase45" time="0.003"/>
  <testcase classname="objectos.html.HtmlTemplateTest" name="testCase46" time="0.001"/>
  <testcase classname="objectos.html.tmpl.StandardElementNameTest" name="canBeEncoded_WithSingleByte" time="0.001"/>
  <testcase classname="objectos.html.tmpl.StandardAttributeNameTest" name="canBeEncoded_WithSingleByte" time="0.0"/>
  <testcase classname="objectos.html.HtmlTemplateTest" name="testCase33" time="0.0">
    <ignored/>
  </testcase> <!-- testCase33 -->
</testsuite> <!-- Surefire test -->
